D, [2017-10-18T12:30:00.361519 #6756] DEBUG -- :   [1m[36mHost Load (0.7ms)[0m  [1m[34mSELECT "hosts".* FROM "hosts"[0m
D, [2017-10-18T12:30:00.379396 #6756] DEBUG -- :   [1m[35m (0.1ms)[0m  [1m[36mbegin transaction[0m
D, [2017-10-18T12:30:00.381866 #6756] DEBUG -- :   [1m[35mSQL (1.5ms)[0m  [1m[32mINSERT INTO "statistics" ("host_id", "ping_ms", "created_at", "updated_at") VALUES (?, ?, ?, ?)[0m  [["host_id", 1], ["ping_ms", "3.48"], ["created_at", "2017-10-18 09:30:00.379569"], ["updated_at", "2017-10-18 09:30:00.379569"]]
D, [2017-10-18T12:30:00.385828 #6756] DEBUG -- :   [1m[35m (3.7ms)[0m  [1m[36mcommit transaction[0m
D, [2017-10-18T12:30:01.390380 #6756] DEBUG -- :   [1m[35m (0.1ms)[0m  [1m[36mbegin transaction[0m
D, [2017-10-18T12:30:01.391334 #6756] DEBUG -- :   [1m[35mSQL (0.3ms)[0m  [1m[32mINSERT INTO "statistics" ("host_id", "ping_ms", "created_at", "updated_at") VALUES (?, ?, ?, ?)[0m  [["host_id", 2], ["ping_ms", "3.699"], ["created_at", "2017-10-18 09:30:01.390513"], ["updated_at", "2017-10-18 09:30:01.390513"]]
D, [2017-10-18T12:30:01.395672 #6756] DEBUG -- :   [1m[35m (4.1ms)[0m  [1m[36mcommit transaction[0m
D, [2017-10-18T12:30:02.396412 #6756] DEBUG -- :   [1m[36mHost Load (0.1ms)[0m  [1m[34mSELECT "hosts".* FROM "hosts"[0m
D, [2017-10-18T12:30:02.400376 #6756] DEBUG -- :   [1m[35m (0.1ms)[0m  [1m[36mbegin transaction[0m
D, [2017-10-18T12:30:02.401270 #6756] DEBUG -- :   [1m[35mSQL (0.2ms)[0m  [1m[32mINSERT INTO "statistics" ("host_id", "ping_ms", "created_at", "updated_at") VALUES (?, ?, ?, ?)[0m  [["host_id", 1], ["ping_ms", "3.25"], ["created_at", "2017-10-18 09:30:02.400496"], ["updated_at", "2017-10-18 09:30:02.400496"]]
D, [2017-10-18T12:30:02.404587 #6756] DEBUG -- :   [1m[35m (3.1ms)[0m  [1m[36mcommit transaction[0m
D, [2017-10-18T12:30:03.408762 #6756] DEBUG -- :   [1m[35m (0.1ms)[0m  [1m[36mbegin transaction[0m
D, [2017-10-18T12:30:03.409748 #6756] DEBUG -- :   [1m[35mSQL (0.3ms)[0m  [1m[32mINSERT INTO "statistics" ("host_id", "ping_ms", "created_at", "updated_at") VALUES (?, ?, ?, ?)[0m  [["host_id", 2], ["ping_ms", "3.38"], ["created_at", "2017-10-18 09:30:03.408935"], ["updated_at", "2017-10-18 09:30:03.408935"]]
D, [2017-10-18T12:30:03.413163 #6756] DEBUG -- :   [1m[35m (3.2ms)[0m  [1m[36mcommit transaction[0m
D, [2017-10-18T12:30:04.413828 #6756] DEBUG -- :   [1m[36mHost Load (0.1ms)[0m  [1m[34mSELECT "hosts".* FROM "hosts"[0m
D, [2017-10-18T12:30:04.417751 #6756] DEBUG -- :   [1m[35m (0.1ms)[0m  [1m[36mbegin transaction[0m
D, [2017-10-18T12:30:04.418618 #6756] DEBUG -- :   [1m[35mSQL (0.3ms)[0m  [1m[32mINSERT INTO "statistics" ("host_id", "ping_ms", "created_at", "updated_at") VALUES (?, ?, ?, ?)[0m  [["host_id", 1], ["ping_ms", "3.271"], ["created_at", "2017-10-18 09:30:04.417866"], ["updated_at", "2017-10-18 09:30:04.417866"]]
D, [2017-10-18T12:30:04.421858 #6756] DEBUG -- :   [1m[35m (3.0ms)[0m  [1m[36mcommit transaction[0m
D, [2017-10-18T12:30:05.426118 #6756] DEBUG -- :   [1m[35m (0.1ms)[0m  [1m[36mbegin transaction[0m
D, [2017-10-18T12:30:05.427066 #6756] DEBUG -- :   [1m[35mSQL (0.3ms)[0m  [1m[32mINSERT INTO "statistics" ("host_id", "ping_ms", "created_at", "updated_at") VALUES (?, ?, ?, ?)[0m  [["host_id", 2], ["ping_ms", "3.467"], ["created_at", "2017-10-18 09:30:05.426272"], ["updated_at", "2017-10-18 09:30:05.426272"]]
D, [2017-10-18T12:30:05.430454 #6756] DEBUG -- :   [1m[35m (3.1ms)[0m  [1m[36mcommit transaction[0m
D, [2017-10-18T12:30:06.431129 #6756] DEBUG -- :   [1m[36mHost Load (0.1ms)[0m  [1m[34mSELECT "hosts".* FROM "hosts"[0m
D, [2017-10-18T12:30:06.435070 #6756] DEBUG -- :   [1m[35m (0.1ms)[0m  [1m[36mbegin transaction[0m
D, [2017-10-18T12:30:06.435944 #6756] DEBUG -- :   [1m[35mSQL (0.3ms)[0m  [1m[32mINSERT INTO "statistics" ("host_id", "ping_ms", "created_at", "updated_at") VALUES (?, ?, ?, ?)[0m  [["host_id", 1], ["ping_ms", "3.298"], ["created_at", "2017-10-18 09:30:06.435188"], ["updated_at", "2017-10-18 09:30:06.435188"]]
D, [2017-10-18T12:30:06.440280 #6756] DEBUG -- :   [1m[35m (4.1ms)[0m  [1m[36mcommit transaction[0m
D, [2017-10-18T12:30:07.444581 #6756] DEBUG -- :   [1m[35m (0.1ms)[0m  [1m[36mbegin transaction[0m
D, [2017-10-18T12:30:07.445562 #6756] DEBUG -- :   [1m[35mSQL (0.3ms)[0m  [1m[32mINSERT INTO "statistics" ("host_id", "ping_ms", "created_at", "updated_at") VALUES (?, ?, ?, ?)[0m  [["host_id", 2], ["ping_ms", "3.521"], ["created_at", "2017-10-18 09:30:07.444713"], ["updated_at", "2017-10-18 09:30:07.444713"]]
D, [2017-10-18T12:30:07.449738 #6756] DEBUG -- :   [1m[35m (3.9ms)[0m  [1m[36mcommit transaction[0m
D, [2017-10-18T12:30:08.450450 #6756] DEBUG -- :   [1m[36mHost Load (0.1ms)[0m  [1m[34mSELECT "hosts".* FROM "hosts"[0m
D, [2017-10-18T12:30:08.454457 #6756] DEBUG -- :   [1m[35m (0.1ms)[0m  [1m[36mbegin transaction[0m
D, [2017-10-18T12:30:08.455327 #6756] DEBUG -- :   [1m[35mSQL (0.3ms)[0m  [1m[32mINSERT INTO "statistics" ("host_id", "ping_ms", "created_at", "updated_at") VALUES (?, ?, ?, ?)[0m  [["host_id", 1], ["ping_ms", "3.363"], ["created_at", "2017-10-18 09:30:08.454591"], ["updated_at", "2017-10-18 09:30:08.454591"]]
D, [2017-10-18T12:30:08.459771 #6756] DEBUG -- :   [1m[35m (4.2ms)[0m  [1m[36mcommit transaction[0m
D, [2017-10-18T12:30:09.463999 #6756] DEBUG -- :   [1m[35m (0.1ms)[0m  [1m[36mbegin transaction[0m
D, [2017-10-18T12:30:09.464939 #6756] DEBUG -- :   [1m[35mSQL (0.3ms)[0m  [1m[32mINSERT INTO "statistics" ("host_id", "ping_ms", "created_at", "updated_at") VALUES (?, ?, ?, ?)[0m  [["host_id", 2], ["ping_ms", "3.409"], ["created_at", "2017-10-18 09:30:09.464131"], ["updated_at", "2017-10-18 09:30:09.464131"]]
D, [2017-10-18T12:30:09.468475 #6756] DEBUG -- :   [1m[35m (3.2ms)[0m  [1m[36mcommit transaction[0m
D, [2017-10-18T12:30:10.469156 #6756] DEBUG -- :   [1m[36mHost Load (0.1ms)[0m  [1m[34mSELECT "hosts".* FROM "hosts"[0m
D, [2017-10-18T12:30:10.473074 #6756] DEBUG -- :   [1m[35m (0.1ms)[0m  [1m[36mbegin transaction[0m
D, [2017-10-18T12:30:10.473959 #6756] DEBUG -- :   [1m[35mSQL (0.3ms)[0m  [1m[32mINSERT INTO "statistics" ("host_id", "ping_ms", "created_at", "updated_at") VALUES (?, ?, ?, ?)[0m  [["host_id", 1], ["ping_ms", "3.223"], ["created_at", "2017-10-18 09:30:10.473190"], ["updated_at", "2017-10-18 09:30:10.473190"]]
D, [2017-10-18T12:30:10.477408 #6756] DEBUG -- :   [1m[35m (3.2ms)[0m  [1m[36mcommit transaction[0m
D, [2017-10-18T12:30:11.481625 #6756] DEBUG -- :   [1m[35m (0.1ms)[0m  [1m[36mbegin transaction[0m
D, [2017-10-18T12:30:11.482565 #6756] DEBUG -- :   [1m[35mSQL (0.3ms)[0m  [1m[32mINSERT INTO "statistics" ("host_id", "ping_ms", "created_at", "updated_at") VALUES (?, ?, ?, ?)[0m  [["host_id", 2], ["ping_ms", "3.44"], ["created_at", "2017-10-18 09:30:11.481755"], ["updated_at", "2017-10-18 09:30:11.481755"]]
D, [2017-10-18T12:30:11.485995 #6756] DEBUG -- :   [1m[35m (3.2ms)[0m  [1m[36mcommit transaction[0m
D, [2017-10-18T12:30:12.486685 #6756] DEBUG -- :   [1m[36mHost Load (0.1ms)[0m  [1m[34mSELECT "hosts".* FROM "hosts"[0m
D, [2017-10-18T12:30:12.490548 #6756] DEBUG -- :   [1m[35m (0.1ms)[0m  [1m[36mbegin transaction[0m
D, [2017-10-18T12:30:12.491412 #6756] DEBUG -- :   [1m[35mSQL (0.3ms)[0m  [1m[32mINSERT INTO "statistics" ("host_id", "ping_ms", "created_at", "updated_at") VALUES (?, ?, ?, ?)[0m  [["host_id", 1], ["ping_ms", "3.222"], ["created_at", "2017-10-18 09:30:12.490680"], ["updated_at", "2017-10-18 09:30:12.490680"]]
D, [2017-10-18T12:30:12.494367 #6756] DEBUG -- :   [1m[35m (2.7ms)[0m  [1m[36mcommit transaction[0m
D, [2017-10-18T12:30:13.498589 #6756] DEBUG -- :   [1m[35m (0.1ms)[0m  [1m[36mbegin transaction[0m
D, [2017-10-18T12:30:13.499521 #6756] DEBUG -- :   [1m[35mSQL (0.3ms)[0m  [1m[32mINSERT INTO "statistics" ("host_id", "ping_ms", "created_at", "updated_at") VALUES (?, ?, ?, ?)[0m  [["host_id", 2], ["ping_ms", "3.454"], ["created_at", "2017-10-18 09:30:13.498736"], ["updated_at", "2017-10-18 09:30:13.498736"]]
D, [2017-10-18T12:30:13.503544 #6756] DEBUG -- :   [1m[35m (3.7ms)[0m  [1m[36mcommit transaction[0m
D, [2017-10-18T12:30:14.504263 #6756] DEBUG -- :   [1m[36mHost Load (0.1ms)[0m  [1m[34mSELECT "hosts".* FROM "hosts"[0m
D, [2017-10-18T12:30:14.508193 #6756] DEBUG -- :   [1m[35m (0.1ms)[0m  [1m[36mbegin transaction[0m
D, [2017-10-18T12:30:14.509084 #6756] DEBUG -- :   [1m[35mSQL (0.3ms)[0m  [1m[32mINSERT INTO "statistics" ("host_id", "ping_ms", "created_at", "updated_at") VALUES (?, ?, ?, ?)[0m  [["host_id", 1], ["ping_ms", "3.294"], ["created_at", "2017-10-18 09:30:14.508312"], ["updated_at", "2017-10-18 09:30:14.508312"]]
D, [2017-10-18T12:30:14.512633 #6756] DEBUG -- :   [1m[35m (3.3ms)[0m  [1m[36mcommit transaction[0m
D, [2017-10-18T12:30:15.516974 #6756] DEBUG -- :   [1m[35m (0.2ms)[0m  [1m[36mbegin transaction[0m
D, [2017-10-18T12:30:15.517922 #6756] DEBUG -- :   [1m[35mSQL (0.3ms)[0m  [1m[32mINSERT INTO "statistics" ("host_id", "ping_ms", "created_at", "updated_at") VALUES (?, ?, ?, ?)[0m  [["host_id", 2], ["ping_ms", "3.47"], ["created_at", "2017-10-18 09:30:15.517109"], ["updated_at", "2017-10-18 09:30:15.517109"]]
D, [2017-10-18T12:30:15.521395 #6756] DEBUG -- :   [1m[35m (3.2ms)[0m  [1m[36mcommit transaction[0m
D, [2017-10-18T12:30:16.522065 #6756] DEBUG -- :   [1m[36mHost Load (0.1ms)[0m  [1m[34mSELECT "hosts".* FROM "hosts"[0m
D, [2017-10-18T12:30:16.525961 #6756] DEBUG -- :   [1m[35m (0.1ms)[0m  [1m[36mbegin transaction[0m
D, [2017-10-18T12:30:16.526817 #6756] DEBUG -- :   [1m[35mSQL (0.2ms)[0m  [1m[32mINSERT INTO "statistics" ("host_id", "ping_ms", "created_at", "updated_at") VALUES (?, ?, ?, ?)[0m  [["host_id", 1], ["ping_ms", "3.249"], ["created_at", "2017-10-18 09:30:16.526076"], ["updated_at", "2017-10-18 09:30:16.526076"]]
D, [2017-10-18T12:30:16.530319 #6756] DEBUG -- :   [1m[35m (3.2ms)[0m  [1m[36mcommit transaction[0m
D, [2017-10-18T12:30:17.534634 #6756] DEBUG -- :   [1m[35m (0.1ms)[0m  [1m[36mbegin transaction[0m
D, [2017-10-18T12:30:17.535585 #6756] DEBUG -- :   [1m[35mSQL (0.3ms)[0m  [1m[32mINSERT INTO "statistics" ("host_id", "ping_ms", "created_at", "updated_at") VALUES (?, ?, ?, ?)[0m  [["host_id", 2], ["ping_ms", "3.476"], ["created_at", "2017-10-18 09:30:17.534767"], ["updated_at", "2017-10-18 09:30:17.534767"]]
D, [2017-10-18T12:30:17.539499 #6756] DEBUG -- :   [1m[35m (3.7ms)[0m  [1m[36mcommit transaction[0m
D, [2017-10-18T12:30:18.540193 #6756] DEBUG -- :   [1m[36mHost Load (0.1ms)[0m  [1m[34mSELECT "hosts".* FROM "hosts"[0m
D, [2017-10-18T12:30:18.544136 #6756] DEBUG -- :   [1m[35m (0.1ms)[0m  [1m[36mbegin transaction[0m
D, [2017-10-18T12:30:18.545029 #6756] DEBUG -- :   [1m[35mSQL (0.3ms)[0m  [1m[32mINSERT INTO "statistics" ("host_id", "ping_ms", "created_at", "updated_at") VALUES (?, ?, ?, ?)[0m  [["host_id", 1], ["ping_ms", "3.253"], ["created_at", "2017-10-18 09:30:18.544254"], ["updated_at", "2017-10-18 09:30:18.544254"]]
D, [2017-10-18T12:30:18.548002 #6756] DEBUG -- :   [1m[35m (2.7ms)[0m  [1m[36mcommit transaction[0m
D, [2017-10-18T12:30:19.552169 #6756] DEBUG -- :   [1m[35m (0.1ms)[0m  [1m[36mbegin transaction[0m
D, [2017-10-18T12:30:19.553137 #6756] DEBUG -- :   [1m[35mSQL (0.3ms)[0m  [1m[32mINSERT INTO "statistics" ("host_id", "ping_ms", "created_at", "updated_at") VALUES (?, ?, ?, ?)[0m  [["host_id", 2], ["ping_ms", "3.393"], ["created_at", "2017-10-18 09:30:19.552327"], ["updated_at", "2017-10-18 09:30:19.552327"]]
D, [2017-10-18T12:30:19.556662 #6756] DEBUG -- :   [1m[35m (3.2ms)[0m  [1m[36mcommit transaction[0m
D, [2017-10-18T12:30:20.557348 #6756] DEBUG -- :   [1m[36mHost Load (0.1ms)[0m  [1m[34mSELECT "hosts".* FROM "hosts"[0m
D, [2017-10-18T12:30:20.561324 #6756] DEBUG -- :   [1m[35m (0.1ms)[0m  [1m[36mbegin transaction[0m
D, [2017-10-18T12:30:20.562209 #6756] DEBUG -- :   [1m[35mSQL (0.3ms)[0m  [1m[32mINSERT INTO "statistics" ("host_id", "ping_ms", "created_at", "updated_at") VALUES (?, ?, ?, ?)[0m  [["host_id", 1], ["ping_ms", "3.314"], ["created_at", "2017-10-18 09:30:20.561441"], ["updated_at", "2017-10-18 09:30:20.561441"]]
D, [2017-10-18T12:30:20.565592 #6756] DEBUG -- :   [1m[35m (3.1ms)[0m  [1m[36mcommit transaction[0m
D, [2017-10-18T12:30:21.569750 #6756] DEBUG -- :   [1m[35m (0.1ms)[0m  [1m[36mbegin transaction[0m
D, [2017-10-18T12:30:21.570712 #6756] DEBUG -- :   [1m[35mSQL (0.3ms)[0m  [1m[32mINSERT INTO "statistics" ("host_id", "ping_ms", "created_at", "updated_at") VALUES (?, ?, ?, ?)[0m  [["host_id", 2], ["ping_ms", "3.376"], ["created_at", "2017-10-18 09:30:21.569883"], ["updated_at", "2017-10-18 09:30:21.569883"]]
D, [2017-10-18T12:30:21.574871 #6756] DEBUG -- :   [1m[35m (3.9ms)[0m  [1m[36mcommit transaction[0m
D, [2017-10-18T12:30:22.575571 #6756] DEBUG -- :   [1m[36mHost Load (0.1ms)[0m  [1m[34mSELECT "hosts".* FROM "hosts"[0m
D, [2017-10-18T12:30:22.579419 #6756] DEBUG -- :   [1m[35m (0.1ms)[0m  [1m[36mbegin transaction[0m
D, [2017-10-18T12:30:22.580279 #6756] DEBUG -- :   [1m[35mSQL (0.3ms)[0m  [1m[32mINSERT INTO "statistics" ("host_id", "ping_ms", "created_at", "updated_at") VALUES (?, ?, ?, ?)[0m  [["host_id", 1], ["ping_ms", "3.191"], ["created_at", "2017-10-18 09:30:22.579534"], ["updated_at", "2017-10-18 09:30:22.579534"]]
D, [2017-10-18T12:30:22.583801 #6756] DEBUG -- :   [1m[35m (3.2ms)[0m  [1m[36mcommit transaction[0m
D, [2017-10-18T12:30:23.588074 #6756] DEBUG -- :   [1m[35m (0.1ms)[0m  [1m[36mbegin transaction[0m
D, [2017-10-18T12:30:23.589049 #6756] DEBUG -- :   [1m[35mSQL (0.3ms)[0m  [1m[32mINSERT INTO "statistics" ("host_id", "ping_ms", "created_at", "updated_at") VALUES (?, ?, ?, ?)[0m  [["host_id", 2], ["ping_ms", "3.435"], ["created_at", "2017-10-18 09:30:23.588206"], ["updated_at", "2017-10-18 09:30:23.588206"]]
D, [2017-10-18T12:30:23.592054 #6756] DEBUG -- :   [1m[35m (2.7ms)[0m  [1m[36mcommit transaction[0m
D, [2017-10-18T12:30:24.592745 #6756] DEBUG -- :   [1m[36mHost Load (0.1ms)[0m  [1m[34mSELECT "hosts".* FROM "hosts"[0m
D, [2017-10-18T12:30:24.596732 #6756] DEBUG -- :   [1m[35m (0.1ms)[0m  [1m[36mbegin transaction[0m
D, [2017-10-18T12:30:24.597606 #6756] DEBUG -- :   [1m[35mSQL (0.2ms)[0m  [1m[32mINSERT INTO "statistics" ("host_id", "ping_ms", "created_at", "updated_at") VALUES (?, ?, ?, ?)[0m  [["host_id", 1], ["ping_ms", "3.318"], ["created_at", "2017-10-18 09:30:24.596877"], ["updated_at", "2017-10-18 09:30:24.596877"]]
D, [2017-10-18T12:30:24.601077 #6756] DEBUG -- :   [1m[35m (3.2ms)[0m  [1m[36mcommit transaction[0m
D, [2017-10-18T12:30:25.605291 #6756] DEBUG -- :   [1m[35m (0.1ms)[0m  [1m[36mbegin transaction[0m
D, [2017-10-18T12:30:25.606266 #6756] DEBUG -- :   [1m[35mSQL (0.3ms)[0m  [1m[32mINSERT INTO "statistics" ("host_id", "ping_ms", "created_at", "updated_at") VALUES (?, ?, ?, ?)[0m  [["host_id", 2], ["ping_ms", "3.433"], ["created_at", "2017-10-18 09:30:25.605449"], ["updated_at", "2017-10-18 09:30:25.605449"]]
D, [2017-10-18T12:30:25.609263 #6756] DEBUG -- :   [1m[35m (2.7ms)[0m  [1m[36mcommit transaction[0m
D, [2017-10-18T12:30:26.609957 #6756] DEBUG -- :   [1m[36mHost Load (0.1ms)[0m  [1m[34mSELECT "hosts".* FROM "hosts"[0m
D, [2017-10-18T12:30:26.613893 #6756] DEBUG -- :   [1m[35m (0.1ms)[0m  [1m[36mbegin transaction[0m
D, [2017-10-18T12:30:26.614772 #6756] DEBUG -- :   [1m[35mSQL (0.3ms)[0m  [1m[32mINSERT INTO "statistics" ("host_id", "ping_ms", "created_at", "updated_at") VALUES (?, ?, ?, ?)[0m  [["host_id", 1], ["ping_ms", "3.302"], ["created_at", "2017-10-18 09:30:26.614012"], ["updated_at", "2017-10-18 09:30:26.614012"]]
D, [2017-10-18T12:30:26.618207 #6756] DEBUG -- :   [1m[35m (3.2ms)[0m  [1m[36mcommit transaction[0m
D, [2017-10-18T12:30:27.622458 #6756] DEBUG -- :   [1m[35m (0.1ms)[0m  [1m[36mbegin transaction[0m
D, [2017-10-18T12:30:27.623402 #6756] DEBUG -- :   [1m[35mSQL (0.3ms)[0m  [1m[32mINSERT INTO "statistics" ("host_id", "ping_ms", "created_at", "updated_at") VALUES (?, ?, ?, ?)[0m  [["host_id", 2], ["ping_ms", "3.447"], ["created_at", "2017-10-18 09:30:27.622589"], ["updated_at", "2017-10-18 09:30:27.622589"]]
D, [2017-10-18T12:30:27.626374 #6756] DEBUG -- :   [1m[35m (2.7ms)[0m  [1m[36mcommit transaction[0m
D, [2017-10-18T12:31:07.763936 #6811] DEBUG -- :   [1m[35m (0.1ms)[0m  [1m[36mbegin transaction[0m
D, [2017-10-18T12:31:07.769268 #6811] DEBUG -- :   [1m[35mSQL (0.3ms)[0m  [1m[32mINSERT INTO "hosts" ("name") VALUES (?)[0m  [["name", "ya.ru"]]
D, [2017-10-18T12:31:07.772776 #6811] DEBUG -- :   [1m[35m (3.2ms)[0m  [1m[36mcommit transaction[0m
D, [2017-10-18T12:31:10.784514 #6811] DEBUG -- :   [1m[36mHost Load (0.2ms)[0m  [1m[34mSELECT "hosts".* FROM "hosts"[0m
D, [2017-10-18T12:31:10.799335 #6811] DEBUG -- :   [1m[35m (0.1ms)[0m  [1m[36mbegin transaction[0m
D, [2017-10-18T12:31:10.800537 #6811] DEBUG -- :   [1m[35mSQL (0.3ms)[0m  [1m[32mINSERT INTO "statistics" ("host_id", "ping_ms", "created_at", "updated_at") VALUES (?, ?, ?, ?)[0m  [["host_id", 1], ["ping_ms", "3.546"], ["created_at", "2017-10-18 09:31:10.799498"], ["updated_at", "2017-10-18 09:31:10.799498"]]
D, [2017-10-18T12:31:10.805154 #6811] DEBUG -- :   [1m[35m (4.3ms)[0m  [1m[36mcommit transaction[0m
D, [2017-10-18T12:31:11.809625 #6811] DEBUG -- :   [1m[35m (0.1ms)[0m  [1m[36mbegin transaction[0m
D, [2017-10-18T12:31:11.810621 #6811] DEBUG -- :   [1m[35mSQL (0.3ms)[0m  [1m[32mINSERT INTO "statistics" ("host_id", "ping_ms", "created_at", "updated_at") VALUES (?, ?, ?, ?)[0m  [["host_id", 2], ["ping_ms", "3.609"], ["created_at", "2017-10-18 09:31:11.809761"], ["updated_at", "2017-10-18 09:31:11.809761"]]
D, [2017-10-18T12:31:11.815035 #6811] DEBUG -- :   [1m[35m (4.1ms)[0m  [1m[36mcommit transaction[0m
D, [2017-10-18T12:31:12.834146 #6811] DEBUG -- :   [1m[35m (0.1ms)[0m  [1m[36mbegin transaction[0m
D, [2017-10-18T12:31:12.835119 #6811] DEBUG -- :   [1m[35mSQL (0.3ms)[0m  [1m[32mINSERT INTO "statistics" ("host_id", "ping_ms", "created_at", "updated_at") VALUES (?, ?, ?, ?)[0m  [["host_id", 3], ["ping_ms", "5.391"], ["created_at", "2017-10-18 09:31:12.834277"], ["updated_at", "2017-10-18 09:31:12.834277"]]
D, [2017-10-18T12:31:12.838609 #6811] DEBUG -- :   [1m[35m (3.2ms)[0m  [1m[36mcommit transaction[0m
D, [2017-10-18T12:31:13.839385 #6811] DEBUG -- :   [1m[36mHost Load (0.1ms)[0m  [1m[34mSELECT "hosts".* FROM "hosts"[0m
D, [2017-10-18T12:31:13.843300 #6811] DEBUG -- :   [1m[35m (0.1ms)[0m  [1m[36mbegin transaction[0m
D, [2017-10-18T12:31:13.844182 #6811] DEBUG -- :   [1m[35mSQL (0.2ms)[0m  [1m[32mINSERT INTO "statistics" ("host_id", "ping_ms", "created_at", "updated_at") VALUES (?, ?, ?, ?)[0m  [["host_id", 1], ["ping_ms", "3.253"], ["created_at", "2017-10-18 09:31:13.843413"], ["updated_at", "2017-10-18 09:31:13.843413"]]
D, [2017-10-18T12:31:13.848509 #6811] DEBUG -- :   [1m[35m (4.1ms)[0m  [1m[36mcommit transaction[0m
D, [2017-10-18T12:31:14.852777 #6811] DEBUG -- :   [1m[35m (0.1ms)[0m  [1m[36mbegin transaction[0m
D, [2017-10-18T12:31:14.853792 #6811] DEBUG -- :   [1m[35mSQL (0.3ms)[0m  [1m[32mINSERT INTO "statistics" ("host_id", "ping_ms", "created_at", "updated_at") VALUES (?, ?, ?, ?)[0m  [["host_id", 2], ["ping_ms", "3.436"], ["created_at", "2017-10-18 09:31:14.852951"], ["updated_at", "2017-10-18 09:31:14.852951"]]
D, [2017-10-18T12:31:14.857218 #6811] DEBUG -- :   [1m[35m (3.2ms)[0m  [1m[36mcommit transaction[0m
D, [2017-10-18T12:31:15.873531 #6811] DEBUG -- :   [1m[35m (0.1ms)[0m  [1m[36mbegin transaction[0m
D, [2017-10-18T12:31:15.874497 #6811] DEBUG -- :   [1m[35mSQL (0.3ms)[0m  [1m[32mINSERT INTO "statistics" ("host_id", "ping_ms", "created_at", "updated_at") VALUES (?, ?, ?, ?)[0m  [["host_id", 3], ["ping_ms", "5.195"], ["created_at", "2017-10-18 09:31:15.873704"], ["updated_at", "2017-10-18 09:31:15.873704"]]
D, [2017-10-18T12:31:15.878016 #6811] DEBUG -- :   [1m[35m (3.2ms)[0m  [1m[36mcommit transaction[0m
D, [2017-10-18T12:31:16.878703 #6811] DEBUG -- :   [1m[36mHost Load (0.1ms)[0m  [1m[34mSELECT "hosts".* FROM "hosts"[0m
D, [2017-10-18T12:31:16.882713 #6811] DEBUG -- :   [1m[35m (0.1ms)[0m  [1m[36mbegin transaction[0m
D, [2017-10-18T12:31:16.883600 #6811] DEBUG -- :   [1m[35mSQL (0.2ms)[0m  [1m[32mINSERT INTO "statistics" ("host_id", "ping_ms", "created_at", "updated_at") VALUES (?, ?, ?, ?)[0m  [["host_id", 1], ["ping_ms", "3.319"], ["created_at", "2017-10-18 09:31:16.882828"], ["updated_at", "2017-10-18 09:31:16.882828"]]
D, [2017-10-18T12:31:16.888024 #6811] DEBUG -- :   [1m[35m (4.1ms)[0m  [1m[36mcommit transaction[0m
D, [2017-10-18T12:31:17.892308 #6811] DEBUG -- :   [1m[35m (0.1ms)[0m  [1m[36mbegin transaction[0m
D, [2017-10-18T12:31:17.893278 #6811] DEBUG -- :   [1m[35mSQL (0.3ms)[0m  [1m[32mINSERT INTO "statistics" ("host_id", "ping_ms", "created_at", "updated_at") VALUES (?, ?, ?, ?)[0m  [["host_id", 2], ["ping_ms", "3.448"], ["created_at", "2017-10-18 09:31:17.892445"], ["updated_at", "2017-10-18 09:31:17.892445"]]
D, [2017-10-18T12:31:17.897448 #6811] DEBUG -- :   [1m[35m (3.9ms)[0m  [1m[36mcommit transaction[0m
D, [2017-10-18T12:31:24.483219 #6827] DEBUG -- :   [1m[36mHost Load (0.7ms)[0m  [1m[34mSELECT "hosts".* FROM "hosts"[0m
D, [2017-10-18T12:31:26.111754 #6827] DEBUG -- :   [1m[36mHost Exists (0.2ms)[0m  [1m[34mSELECT  1 AS one FROM "hosts" WHERE "hosts"."id" = ? LIMIT ?[0m  [["id", nil], ["LIMIT", 1]]
D, [2017-10-18T12:32:05.356688 #6827] DEBUG -- :   [1m[35m (0.2ms)[0m  [1m[34mSELECT "hosts"."id" FROM "hosts"[0m
D, [2017-10-18T12:32:05.358209 #6827] DEBUG -- :   [1m[36mHost Load (0.1ms)[0m  [1m[34mSELECT  "hosts".* FROM "hosts" WHERE "hosts"."id" = ? LIMIT ?[0m  [["id", 1], ["LIMIT", 1]]
D, [2017-10-18T12:32:05.360773 #6827] DEBUG -- :   [1m[36mStatistic Load (0.2ms)[0m  [1m[34mSELECT "statistics"."ping_ms" FROM "statistics" WHERE "statistics"."host_id" = ? AND ("statistics"."created_at" BETWEEN ? AND ?)[0m  [["host_id", 1], ["created_at", "2017-10-17 20:39:16 UTC"], ["created_at", "2017-10-18"]]
D, [2017-10-18T12:32:05.370585 #6827] DEBUG -- :   [1m[35m (0.2ms)[0m  [1m[34mSELECT COUNT(*) FROM "statistics" WHERE "statistics"."host_id" = ? AND ("statistics"."created_at" BETWEEN ? AND ?)[0m  [["host_id", 1], ["created_at", "2017-10-17 20:39:16 UTC"], ["created_at", "2017-10-18"]]
D, [2017-10-18T12:32:05.371109 #6827] DEBUG -- :   [1m[36mStatistic Load (0.2ms)[0m  [1m[34mSELECT "statistics"."pingfails" FROM "statistics" WHERE "statistics"."host_id" = ? AND ("statistics"."created_at" BETWEEN ? AND ?)[0m  [["host_id", 1], ["created_at", "2017-10-17 20:39:16 UTC"], ["created_at", "2017-10-18"]]
D, [2017-10-18T12:32:05.371714 #6827] DEBUG -- :   [1m[36mHost Load (0.1ms)[0m  [1m[34mSELECT  "hosts".* FROM "hosts" WHERE "hosts"."id" = ? LIMIT ?[0m  [["id", 2], ["LIMIT", 1]]
D, [2017-10-18T12:32:05.372406 #6827] DEBUG -- :   [1m[36mStatistic Load (0.1ms)[0m  [1m[34mSELECT "statistics"."ping_ms" FROM "statistics" WHERE "statistics"."host_id" = ? AND ("statistics"."created_at" BETWEEN ? AND ?)[0m  [["host_id", 2], ["created_at", "2017-10-17 20:39:16 UTC"], ["created_at", "2017-10-18"]]
D, [2017-10-18T12:32:05.373173 #6827] DEBUG -- :   [1m[35m (0.1ms)[0m  [1m[34mSELECT COUNT(*) FROM "statistics" WHERE "statistics"."host_id" = ? AND ("statistics"."created_at" BETWEEN ? AND ?)[0m  [["host_id", 2], ["created_at", "2017-10-17 20:39:16 UTC"], ["created_at", "2017-10-18"]]
D, [2017-10-18T12:32:05.373576 #6827] DEBUG -- :   [1m[36mStatistic Load (0.1ms)[0m  [1m[34mSELECT "statistics"."pingfails" FROM "statistics" WHERE "statistics"."host_id" = ? AND ("statistics"."created_at" BETWEEN ? AND ?)[0m  [["host_id", 2], ["created_at", "2017-10-17 20:39:16 UTC"], ["created_at", "2017-10-18"]]
D, [2017-10-18T12:32:05.374035 #6827] DEBUG -- :   [1m[36mHost Load (0.1ms)[0m  [1m[34mSELECT  "hosts".* FROM "hosts" WHERE "hosts"."id" = ? LIMIT ?[0m  [["id", 3], ["LIMIT", 1]]
D, [2017-10-18T12:32:05.374643 #6827] DEBUG -- :   [1m[36mStatistic Load (0.1ms)[0m  [1m[34mSELECT "statistics"."ping_ms" FROM "statistics" WHERE "statistics"."host_id" = ? AND ("statistics"."created_at" BETWEEN ? AND ?)[0m  [["host_id", 3], ["created_at", "2017-10-17 20:39:16 UTC"], ["created_at", "2017-10-18"]]
D, [2017-10-18T12:32:05.375171 #6827] DEBUG -- :   [1m[35m (0.1ms)[0m  [1m[34mSELECT COUNT(*) FROM "statistics" WHERE "statistics"."host_id" = ? AND ("statistics"."created_at" BETWEEN ? AND ?)[0m  [["host_id", 3], ["created_at", "2017-10-17 20:39:16 UTC"], ["created_at", "2017-10-18"]]
D, [2017-10-18T12:32:05.375518 #6827] DEBUG -- :   [1m[36mStatistic Load (0.1ms)[0m  [1m[34mSELECT "statistics"."pingfails" FROM "statistics" WHERE "statistics"."host_id" = ? AND ("statistics"."created_at" BETWEEN ? AND ?)[0m  [["host_id", 3], ["created_at", "2017-10-17 20:39:16 UTC"], ["created_at", "2017-10-18"]]
D, [2017-10-18T12:32:44.038613 #6838] DEBUG -- :   [1m[35m (0.1ms)[0m  [1m[34mSELECT "hosts"."id" FROM "hosts"[0m
D, [2017-10-18T12:32:44.041162 #6838] DEBUG -- :   [1m[36mHost Load (0.1ms)[0m  [1m[34mSELECT  "hosts".* FROM "hosts" WHERE "hosts"."id" = ? LIMIT ?[0m  [["id", 1], ["LIMIT", 1]]
D, [2017-10-18T12:32:44.050100 #6838] DEBUG -- :   [1m[36mStatistic Load (0.3ms)[0m  [1m[34mSELECT "statistics"."ping_ms" FROM "statistics" WHERE "statistics"."host_id" = ? AND ("statistics"."created_at" BETWEEN ? AND ?)[0m  [["host_id", 1], ["created_at", "2017-10-17 20:39:16 UTC"], ["created_at", "2017-10-18 20:00:00 UTC"]]
D, [2017-10-18T12:32:44.060045 #6838] DEBUG -- :   [1m[35m (0.2ms)[0m  [1m[34mSELECT COUNT(*) FROM "statistics" WHERE "statistics"."host_id" = ? AND ("statistics"."created_at" BETWEEN ? AND ?)[0m  [["host_id", 1], ["created_at", "2017-10-17 20:39:16 UTC"], ["created_at", "2017-10-18 20:00:00 UTC"]]
D, [2017-10-18T12:32:44.060553 #6838] DEBUG -- :   [1m[36mStatistic Load (0.2ms)[0m  [1m[34mSELECT "statistics"."pingfails" FROM "statistics" WHERE "statistics"."host_id" = ? AND ("statistics"."created_at" BETWEEN ? AND ?)[0m  [["host_id", 1], ["created_at", "2017-10-17 20:39:16 UTC"], ["created_at", "2017-10-18 20:00:00 UTC"]]
D, [2017-10-18T12:32:44.061465 #6838] DEBUG -- :   [1m[36mHost Load (0.1ms)[0m  [1m[34mSELECT  "hosts".* FROM "hosts" WHERE "hosts"."id" = ? LIMIT ?[0m  [["id", 2], ["LIMIT", 1]]
D, [2017-10-18T12:32:44.062218 #6838] DEBUG -- :   [1m[36mStatistic Load (0.1ms)[0m  [1m[34mSELECT "statistics"."ping_ms" FROM "statistics" WHERE "statistics"."host_id" = ? AND ("statistics"."created_at" BETWEEN ? AND ?)[0m  [["host_id", 2], ["created_at", "2017-10-17 20:39:16 UTC"], ["created_at", "2017-10-18 20:00:00 UTC"]]
D, [2017-10-18T12:32:44.063288 #6838] DEBUG -- :   [1m[35m (0.2ms)[0m  [1m[34mSELECT COUNT(*) FROM "statistics" WHERE "statistics"."host_id" = ? AND ("statistics"."created_at" BETWEEN ? AND ?)[0m  [["host_id", 2], ["created_at", "2017-10-17 20:39:16 UTC"], ["created_at", "2017-10-18 20:00:00 UTC"]]
D, [2017-10-18T12:32:44.063683 #6838] DEBUG -- :   [1m[36mStatistic Load (0.1ms)[0m  [1m[34mSELECT "statistics"."pingfails" FROM "statistics" WHERE "statistics"."host_id" = ? AND ("statistics"."created_at" BETWEEN ? AND ?)[0m  [["host_id", 2], ["created_at", "2017-10-17 20:39:16 UTC"], ["created_at", "2017-10-18 20:00:00 UTC"]]
D, [2017-10-18T12:32:44.064483 #6838] DEBUG -- :   [1m[36mHost Load (0.1ms)[0m  [1m[34mSELECT  "hosts".* FROM "hosts" WHERE "hosts"."id" = ? LIMIT ?[0m  [["id", 3], ["LIMIT", 1]]
D, [2017-10-18T12:32:44.065128 #6838] DEBUG -- :   [1m[36mStatistic Load (0.1ms)[0m  [1m[34mSELECT "statistics"."ping_ms" FROM "statistics" WHERE "statistics"."host_id" = ? AND ("statistics"."created_at" BETWEEN ? AND ?)[0m  [["host_id", 3], ["created_at", "2017-10-17 20:39:16 UTC"], ["created_at", "2017-10-18 20:00:00 UTC"]]
D, [2017-10-18T12:32:44.065819 #6838] DEBUG -- :   [1m[35m (0.1ms)[0m  [1m[34mSELECT COUNT(*) FROM "statistics" WHERE "statistics"."host_id" = ? AND ("statistics"."created_at" BETWEEN ? AND ?)[0m  [["host_id", 3], ["created_at", "2017-10-17 20:39:16 UTC"], ["created_at", "2017-10-18 20:00:00 UTC"]]
D, [2017-10-18T12:32:44.066179 #6838] DEBUG -- :   [1m[36mStatistic Load (0.1ms)[0m  [1m[34mSELECT "statistics"."pingfails" FROM "statistics" WHERE "statistics"."host_id" = ? AND ("statistics"."created_at" BETWEEN ? AND ?)[0m  [["host_id", 3], ["created_at", "2017-10-17 20:39:16 UTC"], ["created_at", "2017-10-18 20:00:00 UTC"]]
D, [2017-10-18T12:33:04.949636 #6838] DEBUG -- :   [1m[35m (0.1ms)[0m  [1m[36mbegin transaction[0m
D, [2017-10-18T12:33:04.950716 #6838] DEBUG -- :   [1m[35mSQL (0.3ms)[0m  [1m[32mINSERT INTO "hosts" ("name") VALUES (?)[0m  [["name", "1.1.1.1"]]
D, [2017-10-18T12:33:04.954248 #6838] DEBUG -- :   [1m[35m (3.3ms)[0m  [1m[36mcommit transaction[0m
D, [2017-10-18T12:33:07.853838 #6838] DEBUG -- :   [1m[36mHost Load (0.2ms)[0m  [1m[34mSELECT "hosts".* FROM "hosts"[0m
D, [2017-10-18T12:33:07.858417 #6838] DEBUG -- :   [1m[35m (0.1ms)[0m  [1m[36mbegin transaction[0m
D, [2017-10-18T12:33:07.859462 #6838] DEBUG -- :   [1m[35mSQL (0.3ms)[0m  [1m[32mINSERT INTO "statistics" ("host_id", "ping_ms", "created_at", "updated_at") VALUES (?, ?, ?, ?)[0m  [["host_id", 1], ["ping_ms", "3.504"], ["created_at", "2017-10-18 09:33:07.858562"], ["updated_at", "2017-10-18 09:33:07.858562"]]
D, [2017-10-18T12:33:07.863892 #6838] DEBUG -- :   [1m[35m (4.1ms)[0m  [1m[36mcommit transaction[0m
D, [2017-10-18T12:33:08.868346 #6838] DEBUG -- :   [1m[35m (0.1ms)[0m  [1m[36mbegin transaction[0m
D, [2017-10-18T12:33:08.869364 #6838] DEBUG -- :   [1m[35mSQL (0.3ms)[0m  [1m[32mINSERT INTO "statistics" ("host_id", "ping_ms", "created_at", "updated_at") VALUES (?, ?, ?, ?)[0m  [["host_id", 2], ["ping_ms", "3.609"], ["created_at", "2017-10-18 09:33:08.868479"], ["updated_at", "2017-10-18 09:33:08.868479"]]
D, [2017-10-18T12:33:08.872811 #6838] DEBUG -- :   [1m[35m (3.2ms)[0m  [1m[36mcommit transaction[0m
D, [2017-10-18T12:33:09.884261 #6838] DEBUG -- :   [1m[35m (0.1ms)[0m  [1m[36mbegin transaction[0m
D, [2017-10-18T12:33:09.885386 #6838] DEBUG -- :   [1m[35mSQL (0.3ms)[0m  [1m[32mINSERT INTO "statistics" ("host_id", "ping_ms", "created_at", "updated_at") VALUES (?, ?, ?, ?)[0m  [["host_id", 3], ["ping_ms", "5.37"], ["created_at", "2017-10-18 09:33:09.884426"], ["updated_at", "2017-10-18 09:33:09.884426"]]
D, [2017-10-18T12:33:09.888546 #6838] DEBUG -- :   [1m[35m (2.8ms)[0m  [1m[36mcommit transaction[0m
D, [2017-10-18T12:33:15.889856 #6838] DEBUG -- :   [1m[35m (0.1ms)[0m  [1m[36mbegin transaction[0m
D, [2017-10-18T12:33:15.890851 #6838] DEBUG -- :   [1m[35mSQL (0.3ms)[0m  [1m[32mINSERT INTO "statistics" ("host_id", "pingfails", "created_at", "updated_at") VALUES (?, ?, ?, ?)[0m  [["host_id", 4], ["pingfails", "1"], ["created_at", "2017-10-18 09:33:15.890001"], ["updated_at", "2017-10-18 09:33:15.890001"]]
D, [2017-10-18T12:33:15.893751 #6838] DEBUG -- :   [1m[35m (2.6ms)[0m  [1m[36mcommit transaction[0m
D, [2017-10-18T12:33:15.894245 #6838] DEBUG -- :   [1m[36mHost Load (0.1ms)[0m  [1m[34mSELECT "hosts".* FROM "hosts"[0m
D, [2017-10-18T12:33:15.898471 #6838] DEBUG -- :   [1m[35m (0.1ms)[0m  [1m[36mbegin transaction[0m
D, [2017-10-18T12:33:15.899661 #6838] DEBUG -- :   [1m[35mSQL (0.4ms)[0m  [1m[32mINSERT INTO "statistics" ("host_id", "ping_ms", "created_at", "updated_at") VALUES (?, ?, ?, ?)[0m  [["host_id", 1], ["ping_ms", "3.345"], ["created_at", "2017-10-18 09:33:15.898635"], ["updated_at", "2017-10-18 09:33:15.898635"]]
D, [2017-10-18T12:33:15.902237 #6838] DEBUG -- :   [1m[35m (2.3ms)[0m  [1m[36mcommit transaction[0m
D, [2017-10-18T12:33:16.906440 #6838] DEBUG -- :   [1m[35m (0.1ms)[0m  [1m[36mbegin transaction[0m
D, [2017-10-18T12:33:16.907416 #6838] DEBUG -- :   [1m[35mSQL (0.3ms)[0m  [1m[32mINSERT INTO "statistics" ("host_id", "ping_ms", "created_at", "updated_at") VALUES (?, ?, ?, ?)[0m  [["host_id", 2], ["ping_ms", "3.397"], ["created_at", "2017-10-18 09:33:16.906571"], ["updated_at", "2017-10-18 09:33:16.906571"]]
D, [2017-10-18T12:33:16.911827 #6838] DEBUG -- :   [1m[35m (4.1ms)[0m  [1m[36mcommit transaction[0m
D, [2017-10-18T12:33:17.922268 #6838] DEBUG -- :   [1m[35m (0.1ms)[0m  [1m[36mbegin transaction[0m
D, [2017-10-18T12:33:17.923239 #6838] DEBUG -- :   [1m[35mSQL (0.3ms)[0m  [1m[32mINSERT INTO "statistics" ("host_id", "ping_ms", "created_at", "updated_at") VALUES (?, ?, ?, ?)[0m  [["host_id", 3], ["ping_ms", "5.21"], ["created_at", "2017-10-18 09:33:17.922399"], ["updated_at", "2017-10-18 09:33:17.922399"]]
D, [2017-10-18T12:33:17.927730 #6838] DEBUG -- :   [1m[35m (4.1ms)[0m  [1m[36mcommit transaction[0m
D, [2017-10-18T12:33:23.928943 #6838] DEBUG -- :   [1m[35m (0.1ms)[0m  [1m[36mbegin transaction[0m
D, [2017-10-18T12:33:23.929954 #6838] DEBUG -- :   [1m[35mSQL (0.3ms)[0m  [1m[32mINSERT INTO "statistics" ("host_id", "pingfails", "created_at", "updated_at") VALUES (?, ?, ?, ?)[0m  [["host_id", 4], ["pingfails", "1"], ["created_at", "2017-10-18 09:33:23.929127"], ["updated_at", "2017-10-18 09:33:23.929127"]]
D, [2017-10-18T12:33:23.933078 #6838] DEBUG -- :   [1m[35m (2.8ms)[0m  [1m[36mcommit transaction[0m
D, [2017-10-18T12:33:23.933608 #6838] DEBUG -- :   [1m[36mHost Load (0.1ms)[0m  [1m[34mSELECT "hosts".* FROM "hosts"[0m
D, [2017-10-18T12:33:23.937921 #6838] DEBUG -- :   [1m[35m (0.1ms)[0m  [1m[36mbegin transaction[0m
D, [2017-10-18T12:33:23.939027 #6838] DEBUG -- :   [1m[35mSQL (0.3ms)[0m  [1m[32mINSERT INTO "statistics" ("host_id", "ping_ms", "created_at", "updated_at") VALUES (?, ?, ?, ?)[0m  [["host_id", 1], ["ping_ms", "3.438"], ["created_at", "2017-10-18 09:33:23.938087"], ["updated_at", "2017-10-18 09:33:23.938087"]]
D, [2017-10-18T12:33:23.941656 #6838] DEBUG -- :   [1m[35m (2.4ms)[0m  [1m[36mcommit transaction[0m
D, [2017-10-18T12:33:24.945881 #6838] DEBUG -- :   [1m[35m (0.1ms)[0m  [1m[36mbegin transaction[0m
D, [2017-10-18T12:33:24.946859 #6838] DEBUG -- :   [1m[35mSQL (0.3ms)[0m  [1m[32mINSERT INTO "statistics" ("host_id", "ping_ms", "created_at", "updated_at") VALUES (?, ?, ?, ?)[0m  [["host_id", 2], ["ping_ms", "3.464"], ["created_at", "2017-10-18 09:33:24.946011"], ["updated_at", "2017-10-18 09:33:24.946011"]]
D, [2017-10-18T12:33:24.950337 #6838] DEBUG -- :   [1m[35m (3.2ms)[0m  [1m[36mcommit transaction[0m
D, [2017-10-18T12:33:25.964279 #6838] DEBUG -- :   [1m[35m (0.1ms)[0m  [1m[36mbegin transaction[0m
D, [2017-10-18T12:33:25.965228 #6838] DEBUG -- :   [1m[35mSQL (0.3ms)[0m  [1m[32mINSERT INTO "statistics" ("host_id", "ping_ms", "created_at", "updated_at") VALUES (?, ?, ?, ?)[0m  [["host_id", 3], ["ping_ms", "5.198"], ["created_at", "2017-10-18 09:33:25.964418"], ["updated_at", "2017-10-18 09:33:25.964418"]]
D, [2017-10-18T12:33:25.968695 #6838] DEBUG -- :   [1m[35m (3.2ms)[0m  [1m[36mcommit transaction[0m
D, [2017-10-18T12:33:31.969856 #6838] DEBUG -- :   [1m[35m (0.1ms)[0m  [1m[36mbegin transaction[0m
D, [2017-10-18T12:33:31.970849 #6838] DEBUG -- :   [1m[35mSQL (0.3ms)[0m  [1m[32mINSERT INTO "statistics" ("host_id", "pingfails", "created_at", "updated_at") VALUES (?, ?, ?, ?)[0m  [["host_id", 4], ["pingfails", "1"], ["created_at", "2017-10-18 09:33:31.970027"], ["updated_at", "2017-10-18 09:33:31.970027"]]
D, [2017-10-18T12:33:31.973815 #6838] DEBUG -- :   [1m[35m (2.7ms)[0m  [1m[36mcommit transaction[0m
D, [2017-10-18T12:33:31.974291 #6838] DEBUG -- :   [1m[36mHost Load (0.1ms)[0m  [1m[34mSELECT "hosts".* FROM "hosts"[0m
D, [2017-10-18T12:33:31.978809 #6838] DEBUG -- :   [1m[35m (0.1ms)[0m  [1m[36mbegin transaction[0m
D, [2017-10-18T12:33:31.979977 #6838] DEBUG -- :   [1m[35mSQL (0.3ms)[0m  [1m[32mINSERT INTO "statistics" ("host_id", "ping_ms", "created_at", "updated_at") VALUES (?, ?, ?, ?)[0m  [["host_id", 1], ["ping_ms", "3.54"], ["created_at", "2017-10-18 09:33:31.978985"], ["updated_at", "2017-10-18 09:33:31.978985"]]
D, [2017-10-18T12:33:31.982564 #6838] DEBUG -- :   [1m[35m (2.3ms)[0m  [1m[36mcommit transaction[0m
D, [2017-10-18T12:33:32.986956 #6838] DEBUG -- :   [1m[35m (0.1ms)[0m  [1m[36mbegin transaction[0m
D, [2017-10-18T12:33:32.987992 #6838] DEBUG -- :   [1m[35mSQL (0.3ms)[0m  [1m[32mINSERT INTO "statistics" ("host_id", "ping_ms", "created_at", "updated_at") VALUES (?, ?, ?, ?)[0m  [["host_id", 2], ["ping_ms", "3.597"], ["created_at", "2017-10-18 09:33:32.987139"], ["updated_at", "2017-10-18 09:33:32.987139"]]
D, [2017-10-18T12:33:32.993103 #6838] DEBUG -- :   [1m[35m (4.8ms)[0m  [1m[36mcommit transaction[0m
D, [2017-10-18T12:33:34.004895 #6838] DEBUG -- :   [1m[35m (0.1ms)[0m  [1m[36mbegin transaction[0m
D, [2017-10-18T12:33:34.005897 #6838] DEBUG -- :   [1m[35mSQL (0.3ms)[0m  [1m[32mINSERT INTO "statistics" ("host_id", "ping_ms", "created_at", "updated_at") VALUES (?, ?, ?, ?)[0m  [["host_id", 3], ["ping_ms", "5.38"], ["created_at", "2017-10-18 09:33:34.005032"], ["updated_at", "2017-10-18 09:33:34.005032"]]
D, [2017-10-18T12:33:34.009369 #6838] DEBUG -- :   [1m[35m (3.2ms)[0m  [1m[36mcommit transaction[0m
D, [2017-10-18T12:33:40.010588 #6838] DEBUG -- :   [1m[35m (0.1ms)[0m  [1m[36mbegin transaction[0m
D, [2017-10-18T12:33:40.011576 #6838] DEBUG -- :   [1m[35mSQL (0.3ms)[0m  [1m[32mINSERT INTO "statistics" ("host_id", "pingfails", "created_at", "updated_at") VALUES (?, ?, ?, ?)[0m  [["host_id", 4], ["pingfails", "1"], ["created_at", "2017-10-18 09:33:40.010733"], ["updated_at", "2017-10-18 09:33:40.010733"]]
D, [2017-10-18T12:33:40.015514 #6838] DEBUG -- :   [1m[35m (3.6ms)[0m  [1m[36mcommit transaction[0m
D, [2017-10-18T12:33:40.016045 #6838] DEBUG -- :   [1m[36mHost Load (0.1ms)[0m  [1m[34mSELECT "hosts".* FROM "hosts"[0m
D, [2017-10-18T12:33:40.020136 #6838] DEBUG -- :   [1m[35m (0.1ms)[0m  [1m[36mbegin transaction[0m
D, [2017-10-18T12:33:40.021172 #6838] DEBUG -- :   [1m[35mSQL (0.3ms)[0m  [1m[32mINSERT INTO "statistics" ("host_id", "ping_ms", "created_at", "updated_at") VALUES (?, ?, ?, ?)[0m  [["host_id", 1], ["ping_ms", "3.354"], ["created_at", "2017-10-18 09:33:40.020282"], ["updated_at", "2017-10-18 09:33:40.020282"]]
D, [2017-10-18T12:33:40.023764 #6838] DEBUG -- :   [1m[35m (2.3ms)[0m  [1m[36mcommit transaction[0m
D, [2017-10-18T12:33:41.028095 #6838] DEBUG -- :   [1m[35m (0.1ms)[0m  [1m[36mbegin transaction[0m
D, [2017-10-18T12:33:41.029097 #6838] DEBUG -- :   [1m[35mSQL (0.3ms)[0m  [1m[32mINSERT INTO "statistics" ("host_id", "ping_ms", "created_at", "updated_at") VALUES (?, ?, ?, ?)[0m  [["host_id", 2], ["ping_ms", "3.49"], ["created_at", "2017-10-18 09:33:41.028228"], ["updated_at", "2017-10-18 09:33:41.028228"]]
D, [2017-10-18T12:33:41.032594 #6838] DEBUG -- :   [1m[35m (3.2ms)[0m  [1m[36mcommit transaction[0m
D, [2017-10-18T12:33:42.044403 #6838] DEBUG -- :   [1m[35m (0.1ms)[0m  [1m[36mbegin transaction[0m
D, [2017-10-18T12:33:42.045453 #6838] DEBUG -- :   [1m[35mSQL (0.3ms)[0m  [1m[32mINSERT INTO "statistics" ("host_id", "ping_ms", "created_at", "updated_at") VALUES (?, ?, ?, ?)[0m  [["host_id", 3], ["ping_ms", "5.285"], ["created_at", "2017-10-18 09:33:42.044537"], ["updated_at", "2017-10-18 09:33:42.044537"]]
D, [2017-10-18T12:33:42.048968 #6838] DEBUG -- :   [1m[35m (3.2ms)[0m  [1m[36mcommit transaction[0m
D, [2017-10-18T12:33:48.050237 #6838] DEBUG -- :   [1m[35m (0.1ms)[0m  [1m[36mbegin transaction[0m
D, [2017-10-18T12:33:48.051265 #6838] DEBUG -- :   [1m[35mSQL (0.3ms)[0m  [1m[32mINSERT INTO "statistics" ("host_id", "pingfails", "created_at", "updated_at") VALUES (?, ?, ?, ?)[0m  [["host_id", 4], ["pingfails", "1"], ["created_at", "2017-10-18 09:33:48.050380"], ["updated_at", "2017-10-18 09:33:48.050380"]]
D, [2017-10-18T12:33:48.054219 #6838] DEBUG -- :   [1m[35m (2.7ms)[0m  [1m[36mcommit transaction[0m
D, [2017-10-18T12:33:48.054765 #6838] DEBUG -- :   [1m[36mHost Load (0.1ms)[0m  [1m[34mSELECT "hosts".* FROM "hosts"[0m
D, [2017-10-18T12:33:48.059024 #6838] DEBUG -- :   [1m[35m (0.1ms)[0m  [1m[36mbegin transaction[0m
D, [2017-10-18T12:33:48.060207 #6838] DEBUG -- :   [1m[35mSQL (0.4ms)[0m  [1m[32mINSERT INTO "statistics" ("host_id", "ping_ms", "created_at", "updated_at") VALUES (?, ?, ?, ?)[0m  [["host_id", 1], ["ping_ms", "3.349"], ["created_at", "2017-10-18 09:33:48.059187"], ["updated_at", "2017-10-18 09:33:48.059187"]]
D, [2017-10-18T12:33:48.062833 #6838] DEBUG -- :   [1m[35m (2.3ms)[0m  [1m[36mcommit transaction[0m
D, [2017-10-18T12:33:49.067054 #6838] DEBUG -- :   [1m[35m (0.1ms)[0m  [1m[36mbegin transaction[0m
D, [2017-10-18T12:33:49.068061 #6838] DEBUG -- :   [1m[35mSQL (0.3ms)[0m  [1m[32mINSERT INTO "statistics" ("host_id", "ping_ms", "created_at", "updated_at") VALUES (?, ?, ?, ?)[0m  [["host_id", 2], ["ping_ms", "3.43"], ["created_at", "2017-10-18 09:33:49.067183"], ["updated_at", "2017-10-18 09:33:49.067183"]]
D, [2017-10-18T12:33:49.072506 #6838] DEBUG -- :   [1m[35m (4.2ms)[0m  [1m[36mcommit transaction[0m
D, [2017-10-18T12:33:50.084595 #6838] DEBUG -- :   [1m[35m (0.1ms)[0m  [1m[36mbegin transaction[0m
D, [2017-10-18T12:33:50.085618 #6838] DEBUG -- :   [1m[35mSQL (0.3ms)[0m  [1m[32mINSERT INTO "statistics" ("host_id", "ping_ms", "created_at", "updated_at") VALUES (?, ?, ?, ?)[0m  [["host_id", 3], ["ping_ms", "5.332"], ["created_at", "2017-10-18 09:33:50.084729"], ["updated_at", "2017-10-18 09:33:50.084729"]]
D, [2017-10-18T12:33:50.089211 #6838] DEBUG -- :   [1m[35m (3.2ms)[0m  [1m[36mcommit transaction[0m
D, [2017-10-18T12:33:56.090408 #6838] DEBUG -- :   [1m[35m (0.1ms)[0m  [1m[36mbegin transaction[0m
D, [2017-10-18T12:33:56.091418 #6838] DEBUG -- :   [1m[35mSQL (0.3ms)[0m  [1m[32mINSERT INTO "statistics" ("host_id", "pingfails", "created_at", "updated_at") VALUES (?, ?, ?, ?)[0m  [["host_id", 4], ["pingfails", "1"], ["created_at", "2017-10-18 09:33:56.090552"], ["updated_at", "2017-10-18 09:33:56.090552"]]
D, [2017-10-18T12:33:56.095483 #6838] DEBUG -- :   [1m[35m (3.8ms)[0m  [1m[36mcommit transaction[0m
D, [2017-10-18T12:33:56.096067 #6838] DEBUG -- :   [1m[36mHost Load (0.1ms)[0m  [1m[34mSELECT "hosts".* FROM "hosts"[0m
D, [2017-10-18T12:33:56.100348 #6838] DEBUG -- :   [1m[35m (0.1ms)[0m  [1m[36mbegin transaction[0m
D, [2017-10-18T12:33:56.101444 #6838] DEBUG -- :   [1m[35mSQL (0.3ms)[0m  [1m[32mINSERT INTO "statistics" ("host_id", "ping_ms", "created_at", "updated_at") VALUES (?, ?, ?, ?)[0m  [["host_id", 1], ["ping_ms", "3.31"], ["created_at", "2017-10-18 09:33:56.100527"], ["updated_at", "2017-10-18 09:33:56.100527"]]
D, [2017-10-18T12:33:56.104992 #6838] DEBUG -- :   [1m[35m (3.3ms)[0m  [1m[36mcommit transaction[0m
D, [2017-10-18T12:33:57.109253 #6838] DEBUG -- :   [1m[35m (0.1ms)[0m  [1m[36mbegin transaction[0m
D, [2017-10-18T12:33:57.110267 #6838] DEBUG -- :   [1m[35mSQL (0.3ms)[0m  [1m[32mINSERT INTO "statistics" ("host_id", "ping_ms", "created_at", "updated_at") VALUES (?, ?, ?, ?)[0m  [["host_id", 2], ["ping_ms", "3.452"], ["created_at", "2017-10-18 09:33:57.109415"], ["updated_at", "2017-10-18 09:33:57.109415"]]
D, [2017-10-18T12:33:57.113801 #6838] DEBUG -- :   [1m[35m (3.2ms)[0m  [1m[36mcommit transaction[0m
D, [2017-10-18T12:33:58.124435 #6838] DEBUG -- :   [1m[35m (0.1ms)[0m  [1m[36mbegin transaction[0m
D, [2017-10-18T12:33:58.125601 #6838] DEBUG -- :   [1m[35mSQL (0.3ms)[0m  [1m[32mINSERT INTO "statistics" ("host_id", "ping_ms", "created_at", "updated_at") VALUES (?, ?, ?, ?)[0m  [["host_id", 3], ["ping_ms", "5.246"], ["created_at", "2017-10-18 09:33:58.124607"], ["updated_at", "2017-10-18 09:33:58.124607"]]
D, [2017-10-18T12:33:58.129192 #6838] DEBUG -- :   [1m[35m (3.3ms)[0m  [1m[36mcommit transaction[0m
D, [2017-10-18T12:33:59.606380 #6838] DEBUG -- :   [1m[35m (0.1ms)[0m  [1m[36mbegin transaction[0m
D, [2017-10-18T12:33:59.607818 #6838] DEBUG -- :   [1m[35mSQL (0.7ms)[0m  [1m[32mINSERT INTO "statistics" ("host_id", "pingfails", "created_at", "updated_at") VALUES (?, ?, ?, ?)[0m  [["host_id", 4], ["pingfails", "1"], ["created_at", "2017-10-18 09:33:59.606571"], ["updated_at", "2017-10-18 09:33:59.606571"]]
D, [2017-10-18T12:33:59.613083 #6838] DEBUG -- :   [1m[35m (5.0ms)[0m  [1m[36mcommit transaction[0m
D, [2017-10-18T12:33:59.613635 #6838] DEBUG -- :   [1m[36mHost Load (0.1ms)[0m  [1m[34mSELECT "hosts".* FROM "hosts"[0m
D, [2017-10-18T12:33:59.618184 #6838] DEBUG -- :   [1m[35m (0.1ms)[0m  [1m[36mbegin transaction[0m
D, [2017-10-18T12:33:59.619581 #6838] DEBUG -- :   [1m[35mSQL (0.3ms)[0m  [1m[32mINSERT INTO "statistics" ("host_id", "ping_ms", "created_at", "updated_at") VALUES (?, ?, ?, ?)[0m  [["host_id", 1], ["ping_ms", "3.323"], ["created_at", "2017-10-18 09:33:59.618365"], ["updated_at", "2017-10-18 09:33:59.618365"]]
D, [2017-10-18T12:33:59.623345 #6838] DEBUG -- :   [1m[35m (3.5ms)[0m  [1m[36mcommit transaction[0m
D, [2017-10-18T12:34:00.627557 #6838] DEBUG -- :   [1m[35m (0.1ms)[0m  [1m[36mbegin transaction[0m
D, [2017-10-18T12:34:00.628775 #6838] DEBUG -- :   [1m[35mSQL (0.3ms)[0m  [1m[32mINSERT INTO "statistics" ("host_id", "ping_ms", "created_at", "updated_at") VALUES (?, ?, ?, ?)[0m  [["host_id", 2], ["ping_ms", "3.398"], ["created_at", "2017-10-18 09:34:00.627694"], ["updated_at", "2017-10-18 09:34:00.627694"]]
D, [2017-10-18T12:34:00.632278 #6838] DEBUG -- :   [1m[35m (3.2ms)[0m  [1m[36mcommit transaction[0m
D, [2017-10-18T12:34:01.644519 #6838] DEBUG -- :   [1m[35m (0.1ms)[0m  [1m[36mbegin transaction[0m
D, [2017-10-18T12:34:01.645513 #6838] DEBUG -- :   [1m[35mSQL (0.3ms)[0m  [1m[32mINSERT INTO "statistics" ("host_id", "ping_ms", "created_at", "updated_at") VALUES (?, ?, ?, ?)[0m  [["host_id", 3], ["ping_ms", "5.252"], ["created_at", "2017-10-18 09:34:01.644652"], ["updated_at", "2017-10-18 09:34:01.644652"]]
D, [2017-10-18T12:34:01.649242 #6838] DEBUG -- :   [1m[35m (3.2ms)[0m  [1m[36mcommit transaction[0m
D, [2017-10-18T12:33:48.639061 #6895] DEBUG -- :   [1m[35m (0.1ms)[0m  [1m[34mSELECT "hosts"."id" FROM "hosts"[0m
D, [2017-10-18T12:33:48.641256 #6895] DEBUG -- :   [1m[36mHost Load (0.1ms)[0m  [1m[34mSELECT  "hosts".* FROM "hosts" WHERE "hosts"."id" = ? LIMIT ?[0m  [["id", 1], ["LIMIT", 1]]
D, [2017-10-18T12:33:48.645455 #6895] DEBUG -- :   [1m[36mStatistic Load (0.2ms)[0m  [1m[34mSELECT "statistics"."ping_ms" FROM "statistics" WHERE "statistics"."host_id" = ? AND ("statistics"."created_at" BETWEEN ? AND ?)[0m  [["host_id", 1], ["created_at", "2017-10-17 20:39:16 UTC"], ["created_at", "2017-10-18 20:00:00 UTC"]]
D, [2017-10-18T12:33:48.654738 #6895] DEBUG -- :   [1m[35m (0.2ms)[0m  [1m[34mSELECT COUNT(*) FROM "statistics" WHERE "statistics"."host_id" = ? AND ("statistics"."created_at" BETWEEN ? AND ?)[0m  [["host_id", 1], ["created_at", "2017-10-17 20:39:16 UTC"], ["created_at", "2017-10-18 20:00:00 UTC"]]
D, [2017-10-18T12:33:48.655232 #6895] DEBUG -- :   [1m[36mStatistic Load (0.2ms)[0m  [1m[34mSELECT "statistics"."pingfails" FROM "statistics" WHERE "statistics"."host_id" = ? AND ("statistics"."created_at" BETWEEN ? AND ?)[0m  [["host_id", 1], ["created_at", "2017-10-17 20:39:16 UTC"], ["created_at", "2017-10-18 20:00:00 UTC"]]
D, [2017-10-18T12:33:48.656165 #6895] DEBUG -- :   [1m[36mHost Load (0.1ms)[0m  [1m[34mSELECT  "hosts".* FROM "hosts" WHERE "hosts"."id" = ? LIMIT ?[0m  [["id", 2], ["LIMIT", 1]]
D, [2017-10-18T12:33:48.656862 #6895] DEBUG -- :   [1m[36mStatistic Load (0.1ms)[0m  [1m[34mSELECT "statistics"."ping_ms" FROM "statistics" WHERE "statistics"."host_id" = ? AND ("statistics"."created_at" BETWEEN ? AND ?)[0m  [["host_id", 2], ["created_at", "2017-10-17 20:39:16 UTC"], ["created_at", "2017-10-18 20:00:00 UTC"]]
D, [2017-10-18T12:33:48.657958 #6895] DEBUG -- :   [1m[35m (0.1ms)[0m  [1m[34mSELECT COUNT(*) FROM "statistics" WHERE "statistics"."host_id" = ? AND ("statistics"."created_at" BETWEEN ? AND ?)[0m  [["host_id", 2], ["created_at", "2017-10-17 20:39:16 UTC"], ["created_at", "2017-10-18 20:00:00 UTC"]]
D, [2017-10-18T12:33:48.658363 #6895] DEBUG -- :   [1m[36mStatistic Load (0.1ms)[0m  [1m[34mSELECT "statistics"."pingfails" FROM "statistics" WHERE "statistics"."host_id" = ? AND ("statistics"."created_at" BETWEEN ? AND ?)[0m  [["host_id", 2], ["created_at", "2017-10-17 20:39:16 UTC"], ["created_at", "2017-10-18 20:00:00 UTC"]]
D, [2017-10-18T12:33:48.659216 #6895] DEBUG -- :   [1m[36mHost Load (0.1ms)[0m  [1m[34mSELECT  "hosts".* FROM "hosts" WHERE "hosts"."id" = ? LIMIT ?[0m  [["id", 3], ["LIMIT", 1]]
D, [2017-10-18T12:33:48.659796 #6895] DEBUG -- :   [1m[36mStatistic Load (0.1ms)[0m  [1m[34mSELECT "statistics"."ping_ms" FROM "statistics" WHERE "statistics"."host_id" = ? AND ("statistics"."created_at" BETWEEN ? AND ?)[0m  [["host_id", 3], ["created_at", "2017-10-17 20:39:16 UTC"], ["created_at", "2017-10-18 20:00:00 UTC"]]
D, [2017-10-18T12:33:48.660442 #6895] DEBUG -- :   [1m[35m (0.1ms)[0m  [1m[34mSELECT COUNT(*) FROM "statistics" WHERE "statistics"."host_id" = ? AND ("statistics"."created_at" BETWEEN ? AND ?)[0m  [["host_id", 3], ["created_at", "2017-10-17 20:39:16 UTC"], ["created_at", "2017-10-18 20:00:00 UTC"]]
D, [2017-10-18T12:33:48.660815 #6895] DEBUG -- :   [1m[36mStatistic Load (0.1ms)[0m  [1m[34mSELECT "statistics"."pingfails" FROM "statistics" WHERE "statistics"."host_id" = ? AND ("statistics"."created_at" BETWEEN ? AND ?)[0m  [["host_id", 3], ["created_at", "2017-10-17 20:39:16 UTC"], ["created_at", "2017-10-18 20:00:00 UTC"]]
D, [2017-10-18T12:33:48.661281 #6895] DEBUG -- :   [1m[36mHost Load (0.1ms)[0m  [1m[34mSELECT  "hosts".* FROM "hosts" WHERE "hosts"."id" = ? LIMIT ?[0m  [["id", 4], ["LIMIT", 1]]
D, [2017-10-18T12:33:48.661843 #6895] DEBUG -- :   [1m[36mStatistic Load (0.1ms)[0m  [1m[34mSELECT "statistics"."ping_ms" FROM "statistics" WHERE "statistics"."host_id" = ? AND ("statistics"."created_at" BETWEEN ? AND ?)[0m  [["host_id", 4], ["created_at", "2017-10-17 20:39:16 UTC"], ["created_at", "2017-10-18 20:00:00 UTC"]]
D, [2017-10-18T12:33:48.662462 #6895] DEBUG -- :   [1m[35m (0.1ms)[0m  [1m[34mSELECT COUNT(*) FROM "statistics" WHERE "statistics"."host_id" = ? AND ("statistics"."created_at" BETWEEN ? AND ?)[0m  [["host_id", 4], ["created_at", "2017-10-17 20:39:16 UTC"], ["created_at", "2017-10-18 20:00:00 UTC"]]
D, [2017-10-18T12:33:48.662834 #6895] DEBUG -- :   [1m[36mStatistic Load (0.1ms)[0m  [1m[34mSELECT "statistics"."pingfails" FROM "statistics" WHERE "statistics"."host_id" = ? AND ("statistics"."created_at" BETWEEN ? AND ?)[0m  [["host_id", 4], ["created_at", "2017-10-17 20:39:16 UTC"], ["created_at", "2017-10-18 20:00:00 UTC"]]
D, [2017-10-18T12:45:28.009082 #7200] DEBUG -- :   [1m[35m (0.1ms)[0m  [1m[36mbegin transaction[0m
D, [2017-10-18T12:45:28.010244 #7200] DEBUG -- :   [1m[35mSQL (0.3ms)[0m  [1m[32mINSERT INTO "hosts" ("name") VALUES (?)[0m  [["name", "1.1.1.1"]]
D, [2017-10-18T12:45:28.013611 #7200] DEBUG -- :   [1m[35m (3.1ms)[0m  [1m[36mcommit transaction[0m
D, [2017-10-18T12:45:29.897181 #7200] DEBUG -- :   [1m[36mHost Load (0.2ms)[0m  [1m[34mSELECT "hosts".* FROM "hosts"[0m
D, [2017-10-18T12:45:33.115582 #7200] DEBUG -- :   [1m[36mHost Exists (0.2ms)[0m  [1m[34mSELECT  1 AS one FROM "hosts" WHERE "hosts"."id" = ? LIMIT ?[0m  [["id", nil], ["LIMIT", 1]]
D, [2017-10-18T12:45:37.992918 #7200] DEBUG -- :   [1m[35m (0.1ms)[0m  [1m[36mbegin transaction[0m
D, [2017-10-18T12:45:37.994643 #7200] DEBUG -- :   [1m[35mSQL (0.3ms)[0m  [1m[33mUPDATE "hosts" SET "name" = ? WHERE "hosts"."id" = ?[0m  [["name", "google.com"], ["id", 5]]
D, [2017-10-18T12:45:37.998015 #7200] DEBUG -- :   [1m[35m (3.1ms)[0m  [1m[36mcommit transaction[0m
D, [2017-10-18T12:45:52.721791 #7200] DEBUG -- :   [1m[36mHost Exists (0.2ms)[0m  [1m[34mSELECT  1 AS one FROM "hosts" WHERE "hosts"."id" = ? LIMIT ?[0m  [["id", 5], ["LIMIT", 1]]
D, [2017-10-18T12:45:52.724964 #7200] DEBUG -- :   [1m[35mSQL (2.8ms)[0m  [1m[31mDELETE FROM "hosts" WHERE "hosts"."id" = ?[0m  [["id", 5]]
D, [2017-10-18T12:46:08.001970 #7200] DEBUG -- :   [1m[36mHost Exists (0.2ms)[0m  [1m[34mSELECT  1 AS one FROM "hosts" WHERE "hosts"."id" = ? LIMIT ?[0m  [["id", nil], ["LIMIT", 1]]
D, [2017-10-18T12:46:13.681905 #7270] DEBUG -- :   [1m[35m (0.1ms)[0m  [1m[36mbegin transaction[0m
D, [2017-10-18T12:46:13.686731 #7270] DEBUG -- :   [1m[35mSQL (0.3ms)[0m  [1m[32mINSERT INTO "hosts" ("name") VALUES (?)[0m  [["name", ""]]
D, [2017-10-18T12:46:13.689647 #7270] DEBUG -- :   [1m[35m (2.7ms)[0m  [1m[36mcommit transaction[0m
D, [2017-10-18T12:46:15.897988 #7270] DEBUG -- :   [1m[36mHost Load (0.2ms)[0m  [1m[34mSELECT "hosts".* FROM "hosts"[0m
D, [2017-10-18T12:46:21.804427 #7270] DEBUG -- :   [1m[36mHost Exists (0.2ms)[0m  [1m[34mSELECT  1 AS one FROM "hosts" WHERE "hosts"."id" = ? LIMIT ?[0m  [["id", nil], ["LIMIT", 1]]
D, [2017-10-18T12:46:32.905775 #7270] DEBUG -- :   [1m[35m (0.1ms)[0m  [1m[36mbegin transaction[0m
D, [2017-10-18T12:46:32.906731 #7270] DEBUG -- :   [1m[35mSQL (0.3ms)[0m  [1m[32mINSERT INTO "hosts" ("name") VALUES (?)[0m  [["name", "google.com"]]
D, [2017-10-18T12:46:32.910131 #7270] DEBUG -- :   [1m[35m (3.1ms)[0m  [1m[36mcommit transaction[0m
D, [2017-10-18T12:46:37.658367 #7270] DEBUG -- :   [1m[36mHost Load (0.2ms)[0m  [1m[34mSELECT "hosts".* FROM "hosts"[0m
D, [2017-10-18T12:46:37.672361 #7270] DEBUG -- :   [1m[35m (0.1ms)[0m  [1m[36mbegin transaction[0m
D, [2017-10-18T12:46:37.673586 #7270] DEBUG -- :   [1m[35mSQL (0.3ms)[0m  [1m[32mINSERT INTO "statistics" ("host_id", "ping_ms", "created_at", "updated_at") VALUES (?, ?, ?, ?)[0m  [["host_id", 1], ["ping_ms", "3.571"], ["created_at", "2017-10-18 09:46:37.672524"], ["updated_at", "2017-10-18 09:46:37.672524"]]
D, [2017-10-18T12:46:37.677216 #7270] DEBUG -- :   [1m[35m (3.4ms)[0m  [1m[36mcommit transaction[0m
D, [2017-10-18T12:46:38.681650 #7270] DEBUG -- :   [1m[35m (0.1ms)[0m  [1m[36mbegin transaction[0m
D, [2017-10-18T12:46:38.682593 #7270] DEBUG -- :   [1m[35mSQL (0.3ms)[0m  [1m[32mINSERT INTO "statistics" ("host_id", "ping_ms", "created_at", "updated_at") VALUES (?, ?, ?, ?)[0m  [["host_id", 2], ["ping_ms", "3.638"], ["created_at", "2017-10-18 09:46:38.681780"], ["updated_at", "2017-10-18 09:46:38.681780"]]
D, [2017-10-18T12:46:38.685571 #7270] DEBUG -- :   [1m[35m (2.7ms)[0m  [1m[36mcommit transaction[0m
D, [2017-10-18T12:46:39.699283 #7270] DEBUG -- :   [1m[35m (0.1ms)[0m  [1m[36mbegin transaction[0m
D, [2017-10-18T12:46:39.700231 #7270] DEBUG -- :   [1m[35mSQL (0.3ms)[0m  [1m[32mINSERT INTO "statistics" ("host_id", "ping_ms", "created_at", "updated_at") VALUES (?, ?, ?, ?)[0m  [["host_id", 3], ["ping_ms", "5.395"], ["created_at", "2017-10-18 09:46:39.699414"], ["updated_at", "2017-10-18 09:46:39.699414"]]
D, [2017-10-18T12:46:39.704644 #7270] DEBUG -- :   [1m[35m (4.2ms)[0m  [1m[36mcommit transaction[0m
D, [2017-10-18T12:46:45.705895 #7270] DEBUG -- :   [1m[35m (0.1ms)[0m  [1m[36mbegin transaction[0m
D, [2017-10-18T12:46:45.708259 #7270] DEBUG -- :   [1m[35mSQL (1.7ms)[0m  [1m[32mINSERT INTO "statistics" ("host_id", "pingfails", "created_at", "updated_at") VALUES (?, ?, ?, ?)[0m  [["host_id", 4], ["pingfails", "1"], ["created_at", "2017-10-18 09:46:45.706037"], ["updated_at", "2017-10-18 09:46:45.706037"]]
D, [2017-10-18T12:46:45.711109 #7270] DEBUG -- :   [1m[35m (2.6ms)[0m  [1m[36mcommit transaction[0m
D, [2017-10-18T12:46:45.711826 #7270] DEBUG -- :   [1m[35m (0.1ms)[0m  [1m[36mbegin transaction[0m
D, [2017-10-18T12:46:45.712745 #7270] DEBUG -- :   [1m[35mSQL (0.2ms)[0m  [1m[32mINSERT INTO "statistics" ("host_id", "ping_ms", "created_at", "updated_at") VALUES (?, ?, ?, ?)[0m  [["host_id", 6], ["ping_ms", "0.184"], ["created_at", "2017-10-18 09:46:45.711939"], ["updated_at", "2017-10-18 09:46:45.711939"]]
D, [2017-10-18T12:46:45.715359 #7270] DEBUG -- :   [1m[35m (2.4ms)[0m  [1m[36mcommit transaction[0m
D, [2017-10-18T12:46:46.741714 #7270] DEBUG -- :   [1m[35m (0.1ms)[0m  [1m[36mbegin transaction[0m
D, [2017-10-18T12:46:46.742668 #7270] DEBUG -- :   [1m[35mSQL (0.3ms)[0m  [1m[32mINSERT INTO "statistics" ("host_id", "ping_ms", "created_at", "updated_at") VALUES (?, ?, ?, ?)[0m  [["host_id", 7], ["ping_ms", "18.139"], ["created_at", "2017-10-18 09:46:46.741847"], ["updated_at", "2017-10-18 09:46:46.741847"]]
D, [2017-10-18T12:46:46.746130 #7270] DEBUG -- :   [1m[35m (3.2ms)[0m  [1m[36mcommit transaction[0m
D, [2017-10-18T12:46:47.746860 #7270] DEBUG -- :   [1m[36mHost Load (0.1ms)[0m  [1m[34mSELECT "hosts".* FROM "hosts"[0m
D, [2017-10-18T12:46:47.750886 #7270] DEBUG -- :   [1m[35m (0.1ms)[0m  [1m[36mbegin transaction[0m
D, [2017-10-18T12:46:47.751741 #7270] DEBUG -- :   [1m[35mSQL (0.2ms)[0m  [1m[32mINSERT INTO "statistics" ("host_id", "ping_ms", "created_at", "updated_at") VALUES (?, ?, ?, ?)[0m  [["host_id", 1], ["ping_ms", "3.313"], ["created_at", "2017-10-18 09:46:47.750999"], ["updated_at", "2017-10-18 09:46:47.750999"]]
D, [2017-10-18T12:46:47.756140 #7270] DEBUG -- :   [1m[35m (4.1ms)[0m  [1m[36mcommit transaction[0m
D, [2017-10-18T12:46:48.760363 #7270] DEBUG -- :   [1m[35m (0.1ms)[0m  [1m[36mbegin transaction[0m
D, [2017-10-18T12:46:48.761355 #7270] DEBUG -- :   [1m[35mSQL (0.3ms)[0m  [1m[32mINSERT INTO "statistics" ("host_id", "ping_ms", "created_at", "updated_at") VALUES (?, ?, ?, ?)[0m  [["host_id", 2], ["ping_ms", "3.457"], ["created_at", "2017-10-18 09:46:48.760526"], ["updated_at", "2017-10-18 09:46:48.760526"]]
D, [2017-10-18T12:46:48.764818 #7270] DEBUG -- :   [1m[35m (3.2ms)[0m  [1m[36mcommit transaction[0m
D, [2017-10-18T12:46:49.777442 #7270] DEBUG -- :   [1m[35m (0.1ms)[0m  [1m[36mbegin transaction[0m
D, [2017-10-18T12:46:49.778366 #7270] DEBUG -- :   [1m[35mSQL (0.3ms)[0m  [1m[32mINSERT INTO "statistics" ("host_id", "ping_ms", "created_at", "updated_at") VALUES (?, ?, ?, ?)[0m  [["host_id", 3], ["ping_ms", "5.206"], ["created_at", "2017-10-18 09:46:49.777574"], ["updated_at", "2017-10-18 09:46:49.777574"]]
D, [2017-10-18T12:46:49.781842 #7270] DEBUG -- :   [1m[35m (3.2ms)[0m  [1m[36mcommit transaction[0m
D, [2017-10-18T12:46:55.783034 #7270] DEBUG -- :   [1m[35m (0.1ms)[0m  [1m[36mbegin transaction[0m
D, [2017-10-18T12:46:55.784005 #7270] DEBUG -- :   [1m[35mSQL (0.3ms)[0m  [1m[32mINSERT INTO "statistics" ("host_id", "pingfails", "created_at", "updated_at") VALUES (?, ?, ?, ?)[0m  [["host_id", 4], ["pingfails", "1"], ["created_at", "2017-10-18 09:46:55.783176"], ["updated_at", "2017-10-18 09:46:55.783176"]]
D, [2017-10-18T12:46:55.786501 #7270] DEBUG -- :   [1m[35m (2.2ms)[0m  [1m[36mcommit transaction[0m
D, [2017-10-18T12:46:55.787235 #7270] DEBUG -- :   [1m[35m (0.1ms)[0m  [1m[36mbegin transaction[0m
D, [2017-10-18T12:46:55.788176 #7270] DEBUG -- :   [1m[35mSQL (0.3ms)[0m  [1m[32mINSERT INTO "statistics" ("host_id", "ping_ms", "created_at", "updated_at") VALUES (?, ?, ?, ?)[0m  [["host_id", 6], ["ping_ms", "0.162"], ["created_at", "2017-10-18 09:46:55.787340"], ["updated_at", "2017-10-18 09:46:55.787340"]]
D, [2017-10-18T12:46:55.791301 #7270] DEBUG -- :   [1m[35m (2.9ms)[0m  [1m[36mcommit transaction[0m
D, [2017-10-18T12:46:56.815828 #7270] DEBUG -- :   [1m[35m (0.1ms)[0m  [1m[36mbegin transaction[0m
D, [2017-10-18T12:46:56.816779 #7270] DEBUG -- :   [1m[35mSQL (0.3ms)[0m  [1m[32mINSERT INTO "statistics" ("host_id", "ping_ms", "created_at", "updated_at") VALUES (?, ?, ?, ?)[0m  [["host_id", 7], ["ping_ms", "17.641"], ["created_at", "2017-10-18 09:46:56.815993"], ["updated_at", "2017-10-18 09:46:56.815993"]]
D, [2017-10-18T12:46:56.820280 #7270] DEBUG -- :   [1m[35m (3.2ms)[0m  [1m[36mcommit transaction[0m
D, [2017-10-18T12:46:57.820983 #7270] DEBUG -- :   [1m[36mHost Load (0.2ms)[0m  [1m[34mSELECT "hosts".* FROM "hosts"[0m
D, [2017-10-18T12:46:57.824963 #7270] DEBUG -- :   [1m[35m (0.1ms)[0m  [1m[36mbegin transaction[0m
D, [2017-10-18T12:46:57.825829 #7270] DEBUG -- :   [1m[35mSQL (0.2ms)[0m  [1m[32mINSERT INTO "statistics" ("host_id", "ping_ms", "created_at", "updated_at") VALUES (?, ?, ?, ?)[0m  [["host_id", 1], ["ping_ms", "3.238"], ["created_at", "2017-10-18 09:46:57.825077"], ["updated_at", "2017-10-18 09:46:57.825077"]]
D, [2017-10-18T12:46:57.829211 #7270] DEBUG -- :   [1m[35m (3.1ms)[0m  [1m[36mcommit transaction[0m
D, [2017-10-18T12:46:58.833571 #7270] DEBUG -- :   [1m[35m (0.1ms)[0m  [1m[36mbegin transaction[0m
D, [2017-10-18T12:46:58.834522 #7270] DEBUG -- :   [1m[35mSQL (0.3ms)[0m  [1m[32mINSERT INTO "statistics" ("host_id", "ping_ms", "created_at", "updated_at") VALUES (?, ?, ?, ?)[0m  [["host_id", 2], ["ping_ms", "3.529"], ["created_at", "2017-10-18 09:46:58.833703"], ["updated_at", "2017-10-18 09:46:58.833703"]]
D, [2017-10-18T12:46:58.838040 #7270] DEBUG -- :   [1m[35m (3.3ms)[0m  [1m[36mcommit transaction[0m
D, [2017-10-18T12:46:59.849149 #7270] DEBUG -- :   [1m[35m (0.1ms)[0m  [1m[36mbegin transaction[0m
D, [2017-10-18T12:46:59.850092 #7270] DEBUG -- :   [1m[35mSQL (0.3ms)[0m  [1m[32mINSERT INTO "statistics" ("host_id", "ping_ms", "created_at", "updated_at") VALUES (?, ?, ?, ?)[0m  [["host_id", 3], ["ping_ms", "5.334"], ["created_at", "2017-10-18 09:46:59.849308"], ["updated_at", "2017-10-18 09:46:59.849308"]]
D, [2017-10-18T12:46:59.853492 #7270] DEBUG -- :   [1m[35m (3.2ms)[0m  [1m[36mcommit transaction[0m
D, [2017-10-18T12:47:25.852327 #7304] DEBUG -- :   [1m[35m (0.1ms)[0m  [1m[34mSELECT "hosts"."id" FROM "hosts"[0m
D, [2017-10-18T12:47:25.854747 #7304] DEBUG -- :   [1m[36mHost Load (0.1ms)[0m  [1m[34mSELECT  "hosts".* FROM "hosts" WHERE "hosts"."id" = ? LIMIT ?[0m  [["id", 1], ["LIMIT", 1]]
D, [2017-10-18T12:47:25.863511 #7304] DEBUG -- :   [1m[36mStatistic Load (0.2ms)[0m  [1m[34mSELECT "statistics"."ping_ms" FROM "statistics" WHERE "statistics"."host_id" = ? AND ("statistics"."created_at" BETWEEN ? AND ?)[0m  [["host_id", 1], ["created_at", "2017-10-17 20:39:16 UTC"], ["created_at", "2017-10-17 20:40:00"]]
D, [2017-10-18T12:47:25.873163 #7304] DEBUG -- :   [1m[35m (0.2ms)[0m  [1m[34mSELECT COUNT(*) FROM "statistics" WHERE "statistics"."host_id" = ? AND ("statistics"."created_at" BETWEEN ? AND ?)[0m  [["host_id", 1], ["created_at", "2017-10-17 20:39:16 UTC"], ["created_at", "2017-10-17 20:40:00"]]
D, [2017-10-18T12:47:25.873659 #7304] DEBUG -- :   [1m[36mStatistic Load (0.2ms)[0m  [1m[34mSELECT "statistics"."pingfails" FROM "statistics" WHERE "statistics"."host_id" = ? AND ("statistics"."created_at" BETWEEN ? AND ?)[0m  [["host_id", 1], ["created_at", "2017-10-17 20:39:16 UTC"], ["created_at", "2017-10-17 20:40:00"]]
D, [2017-10-18T12:47:25.874128 #7304] DEBUG -- :   [1m[36mHost Load (0.1ms)[0m  [1m[34mSELECT  "hosts".* FROM "hosts" WHERE "hosts"."id" = ? LIMIT ?[0m  [["id", 2], ["LIMIT", 1]]
D, [2017-10-18T12:47:25.874833 #7304] DEBUG -- :   [1m[36mStatistic Load (0.1ms)[0m  [1m[34mSELECT "statistics"."ping_ms" FROM "statistics" WHERE "statistics"."host_id" = ? AND ("statistics"."created_at" BETWEEN ? AND ?)[0m  [["host_id", 2], ["created_at", "2017-10-17 20:39:16 UTC"], ["created_at", "2017-10-17 20:40:00"]]
D, [2017-10-18T12:47:25.875532 #7304] DEBUG -- :   [1m[35m (0.2ms)[0m  [1m[34mSELECT COUNT(*) FROM "statistics" WHERE "statistics"."host_id" = ? AND ("statistics"."created_at" BETWEEN ? AND ?)[0m  [["host_id", 2], ["created_at", "2017-10-17 20:39:16 UTC"], ["created_at", "2017-10-17 20:40:00"]]
D, [2017-10-18T12:47:25.875898 #7304] DEBUG -- :   [1m[36mStatistic Load (0.1ms)[0m  [1m[34mSELECT "statistics"."pingfails" FROM "statistics" WHERE "statistics"."host_id" = ? AND ("statistics"."created_at" BETWEEN ? AND ?)[0m  [["host_id", 2], ["created_at", "2017-10-17 20:39:16 UTC"], ["created_at", "2017-10-17 20:40:00"]]
D, [2017-10-18T12:47:25.876331 #7304] DEBUG -- :   [1m[36mHost Load (0.1ms)[0m  [1m[34mSELECT  "hosts".* FROM "hosts" WHERE "hosts"."id" = ? LIMIT ?[0m  [["id", 3], ["LIMIT", 1]]
D, [2017-10-18T12:47:25.876935 #7304] DEBUG -- :   [1m[36mStatistic Load (0.1ms)[0m  [1m[34mSELECT "statistics"."ping_ms" FROM "statistics" WHERE "statistics"."host_id" = ? AND ("statistics"."created_at" BETWEEN ? AND ?)[0m  [["host_id", 3], ["created_at", "2017-10-17 20:39:16 UTC"], ["created_at", "2017-10-17 20:40:00"]]
D, [2017-10-18T12:47:25.877471 #7304] DEBUG -- :   [1m[35m (0.1ms)[0m  [1m[34mSELECT COUNT(*) FROM "statistics" WHERE "statistics"."host_id" = ? AND ("statistics"."created_at" BETWEEN ? AND ?)[0m  [["host_id", 3], ["created_at", "2017-10-17 20:39:16 UTC"], ["created_at", "2017-10-17 20:40:00"]]
D, [2017-10-18T12:47:25.877852 #7304] DEBUG -- :   [1m[36mStatistic Load (0.1ms)[0m  [1m[34mSELECT "statistics"."pingfails" FROM "statistics" WHERE "statistics"."host_id" = ? AND ("statistics"."created_at" BETWEEN ? AND ?)[0m  [["host_id", 3], ["created_at", "2017-10-17 20:39:16 UTC"], ["created_at", "2017-10-17 20:40:00"]]
D, [2017-10-18T12:47:48.620567 #7313] DEBUG -- :   [1m[35m (0.1ms)[0m  [1m[34mSELECT "hosts"."id" FROM "hosts"[0m
D, [2017-10-18T12:47:48.622990 #7313] DEBUG -- :   [1m[36mHost Load (0.1ms)[0m  [1m[34mSELECT  "hosts".* FROM "hosts" WHERE "hosts"."id" = ? LIMIT ?[0m  [["id", 1], ["LIMIT", 1]]
D, [2017-10-18T12:47:48.631794 #7313] DEBUG -- :   [1m[36mStatistic Load (0.2ms)[0m  [1m[34mSELECT "statistics"."ping_ms" FROM "statistics" WHERE "statistics"."host_id" = ? AND ("statistics"."created_at" BETWEEN ? AND ?)[0m  [["host_id", 1], ["created_at", "2017-10-17 20:39:16 UTC"], ["created_at", "2017-10-17 20:44:16 UTC"]]
D, [2017-10-18T12:47:48.641339 #7313] DEBUG -- :   [1m[35m (0.2ms)[0m  [1m[34mSELECT COUNT(*) FROM "statistics" WHERE "statistics"."host_id" = ? AND ("statistics"."created_at" BETWEEN ? AND ?)[0m  [["host_id", 1], ["created_at", "2017-10-17 20:39:16 UTC"], ["created_at", "2017-10-17 20:44:16 UTC"]]
D, [2017-10-18T12:47:48.641821 #7313] DEBUG -- :   [1m[36mStatistic Load (0.2ms)[0m  [1m[34mSELECT "statistics"."pingfails" FROM "statistics" WHERE "statistics"."host_id" = ? AND ("statistics"."created_at" BETWEEN ? AND ?)[0m  [["host_id", 1], ["created_at", "2017-10-17 20:39:16 UTC"], ["created_at", "2017-10-17 20:44:16 UTC"]]
D, [2017-10-18T12:47:48.642275 #7313] DEBUG -- :   [1m[36mHost Load (0.1ms)[0m  [1m[34mSELECT  "hosts".* FROM "hosts" WHERE "hosts"."id" = ? LIMIT ?[0m  [["id", 2], ["LIMIT", 1]]
D, [2017-10-18T12:47:48.642983 #7313] DEBUG -- :   [1m[36mStatistic Load (0.1ms)[0m  [1m[34mSELECT "statistics"."ping_ms" FROM "statistics" WHERE "statistics"."host_id" = ? AND ("statistics"."created_at" BETWEEN ? AND ?)[0m  [["host_id", 2], ["created_at", "2017-10-17 20:39:16 UTC"], ["created_at", "2017-10-17 20:44:16 UTC"]]
D, [2017-10-18T12:47:48.643647 #7313] DEBUG -- :   [1m[35m (0.2ms)[0m  [1m[34mSELECT COUNT(*) FROM "statistics" WHERE "statistics"."host_id" = ? AND ("statistics"."created_at" BETWEEN ? AND ?)[0m  [["host_id", 2], ["created_at", "2017-10-17 20:39:16 UTC"], ["created_at", "2017-10-17 20:44:16 UTC"]]
D, [2017-10-18T12:47:48.644015 #7313] DEBUG -- :   [1m[36mStatistic Load (0.1ms)[0m  [1m[34mSELECT "statistics"."pingfails" FROM "statistics" WHERE "statistics"."host_id" = ? AND ("statistics"."created_at" BETWEEN ? AND ?)[0m  [["host_id", 2], ["created_at", "2017-10-17 20:39:16 UTC"], ["created_at", "2017-10-17 20:44:16 UTC"]]
D, [2017-10-18T12:47:48.644448 #7313] DEBUG -- :   [1m[36mHost Load (0.1ms)[0m  [1m[34mSELECT  "hosts".* FROM "hosts" WHERE "hosts"."id" = ? LIMIT ?[0m  [["id", 3], ["LIMIT", 1]]
D, [2017-10-18T12:47:48.645046 #7313] DEBUG -- :   [1m[36mStatistic Load (0.1ms)[0m  [1m[34mSELECT "statistics"."ping_ms" FROM "statistics" WHERE "statistics"."host_id" = ? AND ("statistics"."created_at" BETWEEN ? AND ?)[0m  [["host_id", 3], ["created_at", "2017-10-17 20:39:16 UTC"], ["created_at", "2017-10-17 20:44:16 UTC"]]
D, [2017-10-18T12:47:48.645579 #7313] DEBUG -- :   [1m[35m (0.1ms)[0m  [1m[34mSELECT COUNT(*) FROM "statistics" WHERE "statistics"."host_id" = ? AND ("statistics"."created_at" BETWEEN ? AND ?)[0m  [["host_id", 3], ["created_at", "2017-10-17 20:39:16 UTC"], ["created_at", "2017-10-17 20:44:16 UTC"]]
D, [2017-10-18T12:47:48.645963 #7313] DEBUG -- :   [1m[36mStatistic Load (0.1ms)[0m  [1m[34mSELECT "statistics"."pingfails" FROM "statistics" WHERE "statistics"."host_id" = ? AND ("statistics"."created_at" BETWEEN ? AND ?)[0m  [["host_id", 3], ["created_at", "2017-10-17 20:39:16 UTC"], ["created_at", "2017-10-17 20:44:16 UTC"]]
D, [2017-10-18T12:48:45.444910 #7326] DEBUG -- :   [1m[35m (0.1ms)[0m  [1m[34mSELECT "hosts"."id" FROM "hosts"[0m
D, [2017-10-18T12:48:45.447213 #7326] DEBUG -- :   [1m[36mHost Load (0.1ms)[0m  [1m[34mSELECT  "hosts".* FROM "hosts" WHERE "hosts"."id" = ? LIMIT ?[0m  [["id", 1], ["LIMIT", 1]]
D, [2017-10-18T12:48:45.451544 #7326] DEBUG -- :   [1m[36mStatistic Load (0.2ms)[0m  [1m[34mSELECT "statistics"."ping_ms" FROM "statistics" WHERE "statistics"."host_id" = ? AND ("statistics"."created_at" BETWEEN ? AND ?)[0m  [["host_id", 1], ["created_at", ""], ["created_at", ""]]
D, [2017-10-18T12:48:45.452134 #7326] DEBUG -- :   [1m[35m (0.1ms)[0m  [1m[34mSELECT COUNT(*) FROM "statistics" WHERE "statistics"."host_id" = ? AND ("statistics"."created_at" BETWEEN ? AND ?)[0m  [["host_id", 1], ["created_at", ""], ["created_at", ""]]
D, [2017-10-18T12:48:45.452578 #7326] DEBUG -- :   [1m[36mStatistic Load (0.1ms)[0m  [1m[34mSELECT "statistics"."pingfails" FROM "statistics" WHERE "statistics"."host_id" = ? AND ("statistics"."created_at" BETWEEN ? AND ?)[0m  [["host_id", 1], ["created_at", ""], ["created_at", ""]]
D, [2017-10-18T12:48:49.186986 #7332] DEBUG -- :   [1m[36mHost Load (0.7ms)[0m  [1m[34mSELECT "hosts".* FROM "hosts"[0m
D, [2017-10-18T12:48:57.582837 #7332] DEBUG -- :   [1m[36mHost Exists (0.2ms)[0m  [1m[34mSELECT  1 AS one FROM "hosts" WHERE "hosts"."id" = ? LIMIT ?[0m  [["id", 3], ["LIMIT", 1]]
D, [2017-10-18T12:48:57.587515 #7332] DEBUG -- :   [1m[35mSQL (4.2ms)[0m  [1m[31mDELETE FROM "hosts" WHERE "hosts"."id" = ?[0m  [["id", 3]]
D, [2017-10-18T12:48:59.412344 #7332] DEBUG -- :   [1m[36mHost Load (0.1ms)[0m  [1m[34mSELECT "hosts".* FROM "hosts"[0m
D, [2017-10-18T12:49:01.252485 #7332] DEBUG -- :   [1m[36mHost Exists (0.2ms)[0m  [1m[34mSELECT  1 AS one FROM "hosts" WHERE "hosts"."id" = ? LIMIT ?[0m  [["id", 7], ["LIMIT", 1]]
D, [2017-10-18T12:49:01.256111 #7332] DEBUG -- :   [1m[35mSQL (3.2ms)[0m  [1m[31mDELETE FROM "hosts" WHERE "hosts"."id" = ?[0m  [["id", 7]]
D, [2017-10-18T12:49:03.228340 #7332] DEBUG -- :   [1m[36mHost Load (0.1ms)[0m  [1m[34mSELECT "hosts".* FROM "hosts"[0m
D, [2017-10-18T12:49:05.532561 #7332] DEBUG -- :   [1m[36mHost Exists (0.2ms)[0m  [1m[34mSELECT  1 AS one FROM "hosts" WHERE "hosts"."id" = ? LIMIT ?[0m  [["id", 6], ["LIMIT", 1]]
D, [2017-10-18T12:49:05.536277 #7332] DEBUG -- :   [1m[35mSQL (3.3ms)[0m  [1m[31mDELETE FROM "hosts" WHERE "hosts"."id" = ?[0m  [["id", 6]]
D, [2017-10-18T12:49:06.932412 #7332] DEBUG -- :   [1m[36mHost Load (0.1ms)[0m  [1m[34mSELECT "hosts".* FROM "hosts"[0m
D, [2017-10-18T12:49:10.804683 #7332] DEBUG -- :   [1m[36mHost Exists (0.2ms)[0m  [1m[34mSELECT  1 AS one FROM "hosts" WHERE "hosts"."id" = ? LIMIT ?[0m  [["id", 4], ["LIMIT", 1]]
D, [2017-10-18T12:49:10.807827 #7332] DEBUG -- :   [1m[35mSQL (2.7ms)[0m  [1m[31mDELETE FROM "hosts" WHERE "hosts"."id" = ?[0m  [["id", 4]]
D, [2017-10-18T12:49:24.404771 #7332] DEBUG -- :   [1m[35m (0.2ms)[0m  [1m[34mSELECT "hosts"."id" FROM "hosts"[0m
D, [2017-10-18T12:49:24.406308 #7332] DEBUG -- :   [1m[36mHost Load (0.1ms)[0m  [1m[34mSELECT  "hosts".* FROM "hosts" WHERE "hosts"."id" = ? LIMIT ?[0m  [["id", 1], ["LIMIT", 1]]
D, [2017-10-18T12:49:24.408809 #7332] DEBUG -- :   [1m[36mStatistic Load (0.2ms)[0m  [1m[34mSELECT "statistics"."ping_ms" FROM "statistics" WHERE "statistics"."host_id" = ? AND ("statistics"."created_at" BETWEEN ? AND ?)[0m  [["host_id", 1], ["created_at", "2017-10-17 20:39:16 UTC"], ["created_at", "2017-10-17 20:44:16 UTC"]]
D, [2017-10-18T12:49:24.417854 #7332] DEBUG -- :   [1m[35m (0.2ms)[0m  [1m[34mSELECT COUNT(*) FROM "statistics" WHERE "statistics"."host_id" = ? AND ("statistics"."created_at" BETWEEN ? AND ?)[0m  [["host_id", 1], ["created_at", "2017-10-17 20:39:16 UTC"], ["created_at", "2017-10-17 20:44:16 UTC"]]
D, [2017-10-18T12:49:24.418350 #7332] DEBUG -- :   [1m[36mStatistic Load (0.2ms)[0m  [1m[34mSELECT "statistics"."pingfails" FROM "statistics" WHERE "statistics"."host_id" = ? AND ("statistics"."created_at" BETWEEN ? AND ?)[0m  [["host_id", 1], ["created_at", "2017-10-17 20:39:16 UTC"], ["created_at", "2017-10-17 20:44:16 UTC"]]
D, [2017-10-18T12:49:24.418843 #7332] DEBUG -- :   [1m[36mHost Load (0.1ms)[0m  [1m[34mSELECT  "hosts".* FROM "hosts" WHERE "hosts"."id" = ? LIMIT ?[0m  [["id", 2], ["LIMIT", 1]]
D, [2017-10-18T12:49:24.419521 #7332] DEBUG -- :   [1m[36mStatistic Load (0.1ms)[0m  [1m[34mSELECT "statistics"."ping_ms" FROM "statistics" WHERE "statistics"."host_id" = ? AND ("statistics"."created_at" BETWEEN ? AND ?)[0m  [["host_id", 2], ["created_at", "2017-10-17 20:39:16 UTC"], ["created_at", "2017-10-17 20:44:16 UTC"]]
D, [2017-10-18T12:49:24.420143 #7332] DEBUG -- :   [1m[35m (0.1ms)[0m  [1m[34mSELECT COUNT(*) FROM "statistics" WHERE "statistics"."host_id" = ? AND ("statistics"."created_at" BETWEEN ? AND ?)[0m  [["host_id", 2], ["created_at", "2017-10-17 20:39:16 UTC"], ["created_at", "2017-10-17 20:44:16 UTC"]]
D, [2017-10-18T12:49:24.420524 #7332] DEBUG -- :   [1m[36mStatistic Load (0.1ms)[0m  [1m[34mSELECT "statistics"."pingfails" FROM "statistics" WHERE "statistics"."host_id" = ? AND ("statistics"."created_at" BETWEEN ? AND ?)[0m  [["host_id", 2], ["created_at", "2017-10-17 20:39:16 UTC"], ["created_at", "2017-10-17 20:44:16 UTC"]]
D, [2017-10-18T12:49:31.916734 #7332] DEBUG -- :   [1m[35m (0.1ms)[0m  [1m[36mbegin transaction[0m
D, [2017-10-18T12:49:31.917860 #7332] DEBUG -- :   [1m[35mSQL (0.3ms)[0m  [1m[32mINSERT INTO "hosts" ("name") VALUES (?)[0m  [["name", "google.com"]]
D, [2017-10-18T12:49:31.921314 #7332] DEBUG -- :   [1m[35m (3.2ms)[0m  [1m[36mcommit transaction[0m
D, [2017-10-18T12:49:48.389087 #7332] DEBUG -- :   [1m[35m (0.1ms)[0m  [1m[34mSELECT "hosts"."id" FROM "hosts"[0m
D, [2017-10-18T12:49:48.389445 #7332] DEBUG -- :   [1m[36mHost Load (0.1ms)[0m  [1m[34mSELECT  "hosts".* FROM "hosts" WHERE "hosts"."id" = ? LIMIT ?[0m  [["id", 1], ["LIMIT", 1]]
D, [2017-10-18T12:49:48.390248 #7332] DEBUG -- :   [1m[36mStatistic Load (0.1ms)[0m  [1m[34mSELECT "statistics"."ping_ms" FROM "statistics" WHERE "statistics"."host_id" = ? AND ("statistics"."created_at" BETWEEN ? AND ?)[0m  [["host_id", 1], ["created_at", "2017-10-17 20:39:16 UTC"], ["created_at", "2017-10-17 20:44:16 UTC"]]
D, [2017-10-18T12:49:48.390941 #7332] DEBUG -- :   [1m[35m (0.2ms)[0m  [1m[34mSELECT COUNT(*) FROM "statistics" WHERE "statistics"."host_id" = ? AND ("statistics"."created_at" BETWEEN ? AND ?)[0m  [["host_id", 1], ["created_at", "2017-10-17 20:39:16 UTC"], ["created_at", "2017-10-17 20:44:16 UTC"]]
D, [2017-10-18T12:49:48.391337 #7332] DEBUG -- :   [1m[36mStatistic Load (0.1ms)[0m  [1m[34mSELECT "statistics"."pingfails" FROM "statistics" WHERE "statistics"."host_id" = ? AND ("statistics"."created_at" BETWEEN ? AND ?)[0m  [["host_id", 1], ["created_at", "2017-10-17 20:39:16 UTC"], ["created_at", "2017-10-17 20:44:16 UTC"]]
D, [2017-10-18T12:49:48.391762 #7332] DEBUG -- :   [1m[36mHost Load (0.1ms)[0m  [1m[34mSELECT  "hosts".* FROM "hosts" WHERE "hosts"."id" = ? LIMIT ?[0m  [["id", 2], ["LIMIT", 1]]
D, [2017-10-18T12:49:48.392364 #7332] DEBUG -- :   [1m[36mStatistic Load (0.1ms)[0m  [1m[34mSELECT "statistics"."ping_ms" FROM "statistics" WHERE "statistics"."host_id" = ? AND ("statistics"."created_at" BETWEEN ? AND ?)[0m  [["host_id", 2], ["created_at", "2017-10-17 20:39:16 UTC"], ["created_at", "2017-10-17 20:44:16 UTC"]]
D, [2017-10-18T12:49:48.393002 #7332] DEBUG -- :   [1m[35m (0.2ms)[0m  [1m[34mSELECT COUNT(*) FROM "statistics" WHERE "statistics"."host_id" = ? AND ("statistics"."created_at" BETWEEN ? AND ?)[0m  [["host_id", 2], ["created_at", "2017-10-17 20:39:16 UTC"], ["created_at", "2017-10-17 20:44:16 UTC"]]
D, [2017-10-18T12:49:48.393389 #7332] DEBUG -- :   [1m[36mStatistic Load (0.1ms)[0m  [1m[34mSELECT "statistics"."pingfails" FROM "statistics" WHERE "statistics"."host_id" = ? AND ("statistics"."created_at" BETWEEN ? AND ?)[0m  [["host_id", 2], ["created_at", "2017-10-17 20:39:16 UTC"], ["created_at", "2017-10-17 20:44:16 UTC"]]
D, [2017-10-18T12:49:48.393765 #7332] DEBUG -- :   [1m[36mHost Load (0.1ms)[0m  [1m[34mSELECT  "hosts".* FROM "hosts" WHERE "hosts"."id" = ? LIMIT ?[0m  [["id", 8], ["LIMIT", 1]]
D, [2017-10-18T12:49:48.394351 #7332] DEBUG -- :   [1m[36mStatistic Load (0.1ms)[0m  [1m[34mSELECT "statistics"."ping_ms" FROM "statistics" WHERE "statistics"."host_id" = ? AND ("statistics"."created_at" BETWEEN ? AND ?)[0m  [["host_id", 8], ["created_at", "2017-10-17 20:39:16 UTC"], ["created_at", "2017-10-17 20:44:16 UTC"]]
D, [2017-10-18T12:49:48.394831 #7332] DEBUG -- :   [1m[35m (0.1ms)[0m  [1m[34mSELECT COUNT(*) FROM "statistics" WHERE "statistics"."host_id" = ? AND ("statistics"."created_at" BETWEEN ? AND ?)[0m  [["host_id", 8], ["created_at", "2017-10-17 20:39:16 UTC"], ["created_at", "2017-10-17 20:44:16 UTC"]]
D, [2017-10-18T12:49:48.395193 #7332] DEBUG -- :   [1m[36mStatistic Load (0.1ms)[0m  [1m[34mSELECT "statistics"."pingfails" FROM "statistics" WHERE "statistics"."host_id" = ? AND ("statistics"."created_at" BETWEEN ? AND ?)[0m  [["host_id", 8], ["created_at", "2017-10-17 20:39:16 UTC"], ["created_at", "2017-10-17 20:44:16 UTC"]]
D, [2017-10-18T12:50:32.004595 #7369] DEBUG -- :   [1m[36mHost Load (0.7ms)[0m  [1m[34mSELECT "hosts".* FROM "hosts"[0m
D, [2017-10-18T12:50:32.022530 #7369] DEBUG -- :   [1m[35m (0.1ms)[0m  [1m[36mbegin transaction[0m
D, [2017-10-18T12:50:32.023813 #7369] DEBUG -- :   [1m[35mSQL (0.3ms)[0m  [1m[32mINSERT INTO "statistics" ("host_id", "ping_ms", "created_at", "updated_at") VALUES (?, ?, ?, ?)[0m  [["host_id", 1], ["ping_ms", "3.47"], ["created_at", "2017-10-18 09:50:32.022704"], ["updated_at", "2017-10-18 09:50:32.022704"]]
D, [2017-10-18T12:50:32.028242 #7369] DEBUG -- :   [1m[35m (4.2ms)[0m  [1m[36mcommit transaction[0m
D, [2017-10-18T12:50:33.032669 #7369] DEBUG -- :   [1m[35m (0.1ms)[0m  [1m[36mbegin transaction[0m
D, [2017-10-18T12:50:33.033656 #7369] DEBUG -- :   [1m[35mSQL (0.3ms)[0m  [1m[32mINSERT INTO "statistics" ("host_id", "ping_ms", "created_at", "updated_at") VALUES (?, ?, ?, ?)[0m  [["host_id", 2], ["ping_ms", "3.589"], ["created_at", "2017-10-18 09:50:33.032799"], ["updated_at", "2017-10-18 09:50:33.032799"]]
D, [2017-10-18T12:50:33.036637 #7369] DEBUG -- :   [1m[35m (2.7ms)[0m  [1m[36mcommit transaction[0m
D, [2017-10-18T12:50:34.063406 #7369] DEBUG -- :   [1m[35m (0.1ms)[0m  [1m[36mbegin transaction[0m
D, [2017-10-18T12:50:34.064387 #7369] DEBUG -- :   [1m[35mSQL (0.3ms)[0m  [1m[32mINSERT INTO "statistics" ("host_id", "ping_ms", "created_at", "updated_at") VALUES (?, ?, ?, ?)[0m  [["host_id", 8], ["ping_ms", "18.027"], ["created_at", "2017-10-18 09:50:34.063543"], ["updated_at", "2017-10-18 09:50:34.063543"]]
D, [2017-10-18T12:50:34.068802 #7369] DEBUG -- :   [1m[35m (4.2ms)[0m  [1m[36mcommit transaction[0m
D, [2017-10-18T12:50:35.069542 #7369] DEBUG -- :   [1m[36mHost Load (0.1ms)[0m  [1m[34mSELECT "hosts".* FROM "hosts"[0m
D, [2017-10-18T12:50:35.073551 #7369] DEBUG -- :   [1m[35m (0.1ms)[0m  [1m[36mbegin transaction[0m
D, [2017-10-18T12:50:35.074425 #7369] DEBUG -- :   [1m[35mSQL (0.2ms)[0m  [1m[32mINSERT INTO "statistics" ("host_id", "ping_ms", "created_at", "updated_at") VALUES (?, ?, ?, ?)[0m  [["host_id", 1], ["ping_ms", "3.338"], ["created_at", "2017-10-18 09:50:35.073665"], ["updated_at", "2017-10-18 09:50:35.073665"]]
D, [2017-10-18T12:50:35.077858 #7369] DEBUG -- :   [1m[35m (3.2ms)[0m  [1m[36mcommit transaction[0m
D, [2017-10-18T12:50:36.082096 #7369] DEBUG -- :   [1m[35m (0.1ms)[0m  [1m[36mbegin transaction[0m
D, [2017-10-18T12:50:36.083039 #7369] DEBUG -- :   [1m[35mSQL (0.3ms)[0m  [1m[32mINSERT INTO "statistics" ("host_id", "ping_ms", "created_at", "updated_at") VALUES (?, ?, ?, ?)[0m  [["host_id", 2], ["ping_ms", "3.454"], ["created_at", "2017-10-18 09:50:36.082225"], ["updated_at", "2017-10-18 09:50:36.082225"]]
D, [2017-10-18T12:50:36.086482 #7369] DEBUG -- :   [1m[35m (3.2ms)[0m  [1m[36mcommit transaction[0m
D, [2017-10-18T12:50:37.112082 #7369] DEBUG -- :   [1m[35m (0.1ms)[0m  [1m[36mbegin transaction[0m
D, [2017-10-18T12:50:37.113070 #7369] DEBUG -- :   [1m[35mSQL (0.3ms)[0m  [1m[32mINSERT INTO "statistics" ("host_id", "ping_ms", "created_at", "updated_at") VALUES (?, ?, ?, ?)[0m  [["host_id", 8], ["ping_ms", "18.853"], ["created_at", "2017-10-18 09:50:37.112214"], ["updated_at", "2017-10-18 09:50:37.112214"]]
D, [2017-10-18T12:50:37.116538 #7369] DEBUG -- :   [1m[35m (3.2ms)[0m  [1m[36mcommit transaction[0m
D, [2017-10-18T12:50:38.117249 #7369] DEBUG -- :   [1m[36mHost Load (0.1ms)[0m  [1m[34mSELECT "hosts".* FROM "hosts"[0m
D, [2017-10-18T12:50:38.121248 #7369] DEBUG -- :   [1m[35m (0.1ms)[0m  [1m[36mbegin transaction[0m
D, [2017-10-18T12:50:38.122112 #7369] DEBUG -- :   [1m[35mSQL (0.3ms)[0m  [1m[32mINSERT INTO "statistics" ("host_id", "ping_ms", "created_at", "updated_at") VALUES (?, ?, ?, ?)[0m  [["host_id", 1], ["ping_ms", "3.342"], ["created_at", "2017-10-18 09:50:38.121364"], ["updated_at", "2017-10-18 09:50:38.121364"]]
D, [2017-10-18T12:50:38.125529 #7369] DEBUG -- :   [1m[35m (3.2ms)[0m  [1m[36mcommit transaction[0m
D, [2017-10-18T12:50:39.129735 #7369] DEBUG -- :   [1m[35m (0.1ms)[0m  [1m[36mbegin transaction[0m
D, [2017-10-18T12:50:39.130723 #7369] DEBUG -- :   [1m[35mSQL (0.3ms)[0m  [1m[32mINSERT INTO "statistics" ("host_id", "ping_ms", "created_at", "updated_at") VALUES (?, ?, ?, ?)[0m  [["host_id", 2], ["ping_ms", "3.438"], ["created_at", "2017-10-18 09:50:39.129890"], ["updated_at", "2017-10-18 09:50:39.129890"]]
D, [2017-10-18T12:50:39.134180 #7369] DEBUG -- :   [1m[35m (3.2ms)[0m  [1m[36mcommit transaction[0m
D, [2017-10-18T12:50:40.162927 #7369] DEBUG -- :   [1m[35m (0.1ms)[0m  [1m[36mbegin transaction[0m
D, [2017-10-18T12:50:40.163871 #7369] DEBUG -- :   [1m[35mSQL (0.3ms)[0m  [1m[32mINSERT INTO "statistics" ("host_id", "ping_ms", "created_at", "updated_at") VALUES (?, ?, ?, ?)[0m  [["host_id", 8], ["ping_ms", "17.837"], ["created_at", "2017-10-18 09:50:40.163061"], ["updated_at", "2017-10-18 09:50:40.163061"]]
D, [2017-10-18T12:50:40.168445 #7369] DEBUG -- :   [1m[35m (4.3ms)[0m  [1m[36mcommit transaction[0m
D, [2017-10-18T12:50:41.169154 #7369] DEBUG -- :   [1m[36mHost Load (0.1ms)[0m  [1m[34mSELECT "hosts".* FROM "hosts"[0m
D, [2017-10-18T12:50:41.173101 #7369] DEBUG -- :   [1m[35m (0.1ms)[0m  [1m[36mbegin transaction[0m
D, [2017-10-18T12:50:41.173989 #7369] DEBUG -- :   [1m[35mSQL (0.3ms)[0m  [1m[32mINSERT INTO "statistics" ("host_id", "ping_ms", "created_at", "updated_at") VALUES (?, ?, ?, ?)[0m  [["host_id", 1], ["ping_ms", "3.247"], ["created_at", "2017-10-18 09:50:41.173217"], ["updated_at", "2017-10-18 09:50:41.173217"]]
D, [2017-10-18T12:50:41.177441 #7369] DEBUG -- :   [1m[35m (3.2ms)[0m  [1m[36mcommit transaction[0m
D, [2017-10-18T12:50:42.181705 #7369] DEBUG -- :   [1m[35m (0.1ms)[0m  [1m[36mbegin transaction[0m
D, [2017-10-18T12:50:42.182671 #7369] DEBUG -- :   [1m[35mSQL (0.3ms)[0m  [1m[32mINSERT INTO "statistics" ("host_id", "ping_ms", "created_at", "updated_at") VALUES (?, ?, ?, ?)[0m  [["host_id", 2], ["ping_ms", "3.477"], ["created_at", "2017-10-18 09:50:42.181834"], ["updated_at", "2017-10-18 09:50:42.181834"]]
D, [2017-10-18T12:50:42.186137 #7369] DEBUG -- :   [1m[35m (3.2ms)[0m  [1m[36mcommit transaction[0m
D, [2017-10-18T12:50:43.213841 #7369] DEBUG -- :   [1m[35m (0.1ms)[0m  [1m[36mbegin transaction[0m
D, [2017-10-18T12:50:43.214828 #7369] DEBUG -- :   [1m[35mSQL (0.3ms)[0m  [1m[32mINSERT INTO "statistics" ("host_id", "ping_ms", "created_at", "updated_at") VALUES (?, ?, ?, ?)[0m  [["host_id", 8], ["ping_ms", "18.648"], ["created_at", "2017-10-18 09:50:43.213988"], ["updated_at", "2017-10-18 09:50:43.213988"]]
D, [2017-10-18T12:50:43.218235 #7369] DEBUG -- :   [1m[35m (3.2ms)[0m  [1m[36mcommit transaction[0m
D, [2017-10-18T12:50:44.218918 #7369] DEBUG -- :   [1m[36mHost Load (0.1ms)[0m  [1m[34mSELECT "hosts".* FROM "hosts"[0m
D, [2017-10-18T12:50:44.222859 #7369] DEBUG -- :   [1m[35m (0.1ms)[0m  [1m[36mbegin transaction[0m
D, [2017-10-18T12:50:44.223721 #7369] DEBUG -- :   [1m[35mSQL (0.2ms)[0m  [1m[32mINSERT INTO "statistics" ("host_id", "ping_ms", "created_at", "updated_at") VALUES (?, ?, ?, ?)[0m  [["host_id", 1], ["ping_ms", "3.29"], ["created_at", "2017-10-18 09:50:44.222972"], ["updated_at", "2017-10-18 09:50:44.222972"]]
D, [2017-10-18T12:50:44.228117 #7369] DEBUG -- :   [1m[35m (4.1ms)[0m  [1m[36mcommit transaction[0m
D, [2017-10-18T12:50:45.232314 #7369] DEBUG -- :   [1m[35m (0.1ms)[0m  [1m[36mbegin transaction[0m
D, [2017-10-18T12:50:45.233283 #7369] DEBUG -- :   [1m[35mSQL (0.3ms)[0m  [1m[32mINSERT INTO "statistics" ("host_id", "ping_ms", "created_at", "updated_at") VALUES (?, ?, ?, ?)[0m  [["host_id", 2], ["ping_ms", "3.386"], ["created_at", "2017-10-18 09:50:45.232445"], ["updated_at", "2017-10-18 09:50:45.232445"]]
D, [2017-10-18T12:50:45.236258 #7369] DEBUG -- :   [1m[35m (2.7ms)[0m  [1m[36mcommit transaction[0m
D, [2017-10-18T12:51:26.239459 #7388] DEBUG -- :   [1m[35m (0.1ms)[0m  [1m[34mSELECT "hosts"."id" FROM "hosts"[0m
D, [2017-10-18T12:51:26.241782 #7388] DEBUG -- :   [1m[36mHost Load (0.1ms)[0m  [1m[34mSELECT  "hosts".* FROM "hosts" WHERE "hosts"."id" = ? LIMIT ?[0m  [["id", 1], ["LIMIT", 1]]
D, [2017-10-18T12:51:26.246112 #7388] DEBUG -- :   [1m[36mStatistic Load (0.2ms)[0m  [1m[34mSELECT "statistics"."ping_ms" FROM "statistics" WHERE "statistics"."host_id" = ? AND ("statistics"."created_at" BETWEEN ? AND ?)[0m  [["host_id", 1], ["created_at", "2017-10-17 20:39:16 UTC"], ["created_at", "017-10-18 20:00:00 UTC"]]
D, [2017-10-18T12:51:26.246729 #7388] DEBUG -- :   [1m[35m (0.1ms)[0m  [1m[34mSELECT COUNT(*) FROM "statistics" WHERE "statistics"."host_id" = ? AND ("statistics"."created_at" BETWEEN ? AND ?)[0m  [["host_id", 1], ["created_at", "2017-10-17 20:39:16 UTC"], ["created_at", "017-10-18 20:00:00 UTC"]]
D, [2017-10-18T12:51:26.247160 #7388] DEBUG -- :   [1m[36mStatistic Load (0.1ms)[0m  [1m[34mSELECT "statistics"."pingfails" FROM "statistics" WHERE "statistics"."host_id" = ? AND ("statistics"."created_at" BETWEEN ? AND ?)[0m  [["host_id", 1], ["created_at", "2017-10-17 20:39:16 UTC"], ["created_at", "017-10-18 20:00:00 UTC"]]
D, [2017-10-18T12:52:56.449332 #7421] DEBUG -- :   [1m[35m (0.1ms)[0m  [1m[34mSELECT "hosts"."id" FROM "hosts"[0m
D, [2017-10-18T12:52:56.451868 #7421] DEBUG -- :   [1m[36mHost Load (0.1ms)[0m  [1m[34mSELECT  "hosts".* FROM "hosts" WHERE "hosts"."id" = ? LIMIT ?[0m  [["id", 1], ["LIMIT", 1]]
D, [2017-10-18T12:52:56.460684 #7421] DEBUG -- :   [1m[36mStatistic Load (0.2ms)[0m  [1m[34mSELECT "statistics"."ping_ms" FROM "statistics" WHERE "statistics"."host_id" = ? AND ("statistics"."created_at" BETWEEN ? AND ?)[0m  [["host_id", 1], ["created_at", "2017-10-17 20:39:16 UTC"], ["created_at", "2017-10-17 20:44:16 UTC"]]
D, [2017-10-18T12:52:56.470279 #7421] DEBUG -- :   [1m[35m (0.2ms)[0m  [1m[34mSELECT COUNT(*) FROM "statistics" WHERE "statistics"."host_id" = ? AND ("statistics"."created_at" BETWEEN ? AND ?)[0m  [["host_id", 1], ["created_at", "2017-10-17 20:39:16 UTC"], ["created_at", "2017-10-17 20:44:16 UTC"]]
D, [2017-10-18T12:52:56.470768 #7421] DEBUG -- :   [1m[36mStatistic Load (0.2ms)[0m  [1m[34mSELECT "statistics"."pingfails" FROM "statistics" WHERE "statistics"."host_id" = ? AND ("statistics"."created_at" BETWEEN ? AND ?)[0m  [["host_id", 1], ["created_at", "2017-10-17 20:39:16 UTC"], ["created_at", "2017-10-17 20:44:16 UTC"]]
D, [2017-10-18T12:52:56.471215 #7421] DEBUG -- :   [1m[36mHost Load (0.1ms)[0m  [1m[34mSELECT  "hosts".* FROM "hosts" WHERE "hosts"."id" = ? LIMIT ?[0m  [["id", 2], ["LIMIT", 1]]
D, [2017-10-18T12:52:56.471898 #7421] DEBUG -- :   [1m[36mStatistic Load (0.1ms)[0m  [1m[34mSELECT "statistics"."ping_ms" FROM "statistics" WHERE "statistics"."host_id" = ? AND ("statistics"."created_at" BETWEEN ? AND ?)[0m  [["host_id", 2], ["created_at", "2017-10-17 20:39:16 UTC"], ["created_at", "2017-10-17 20:44:16 UTC"]]
D, [2017-10-18T12:52:56.472602 #7421] DEBUG -- :   [1m[35m (0.2ms)[0m  [1m[34mSELECT COUNT(*) FROM "statistics" WHERE "statistics"."host_id" = ? AND ("statistics"."created_at" BETWEEN ? AND ?)[0m  [["host_id", 2], ["created_at", "2017-10-17 20:39:16 UTC"], ["created_at", "2017-10-17 20:44:16 UTC"]]
D, [2017-10-18T12:52:56.472988 #7421] DEBUG -- :   [1m[36mStatistic Load (0.1ms)[0m  [1m[34mSELECT "statistics"."pingfails" FROM "statistics" WHERE "statistics"."host_id" = ? AND ("statistics"."created_at" BETWEEN ? AND ?)[0m  [["host_id", 2], ["created_at", "2017-10-17 20:39:16 UTC"], ["created_at", "2017-10-17 20:44:16 UTC"]]
D, [2017-10-18T12:52:56.473426 #7421] DEBUG -- :   [1m[36mHost Load (0.1ms)[0m  [1m[34mSELECT  "hosts".* FROM "hosts" WHERE "hosts"."id" = ? LIMIT ?[0m  [["id", 8], ["LIMIT", 1]]
D, [2017-10-18T12:52:56.474014 #7421] DEBUG -- :   [1m[36mStatistic Load (0.1ms)[0m  [1m[34mSELECT "statistics"."ping_ms" FROM "statistics" WHERE "statistics"."host_id" = ? AND ("statistics"."created_at" BETWEEN ? AND ?)[0m  [["host_id", 8], ["created_at", "2017-10-17 20:39:16 UTC"], ["created_at", "2017-10-17 20:44:16 UTC"]]
D, [2017-10-18T12:52:56.474547 #7421] DEBUG -- :   [1m[35m (0.1ms)[0m  [1m[34mSELECT COUNT(*) FROM "statistics" WHERE "statistics"."host_id" = ? AND ("statistics"."created_at" BETWEEN ? AND ?)[0m  [["host_id", 8], ["created_at", "2017-10-17 20:39:16 UTC"], ["created_at", "2017-10-17 20:44:16 UTC"]]
D, [2017-10-18T12:52:56.474929 #7421] DEBUG -- :   [1m[36mStatistic Load (0.1ms)[0m  [1m[34mSELECT "statistics"."pingfails" FROM "statistics" WHERE "statistics"."host_id" = ? AND ("statistics"."created_at" BETWEEN ? AND ?)[0m  [["host_id", 8], ["created_at", "2017-10-17 20:39:16 UTC"], ["created_at", "2017-10-17 20:44:16 UTC"]]
D, [2017-10-18T12:56:26.764766 #7556] DEBUG -- :   [1m[35m (0.1ms)[0m  [1m[34mSELECT "hosts"."id" FROM "hosts"[0m
D, [2017-10-18T12:56:26.767179 #7556] DEBUG -- :   [1m[36mHost Load (0.2ms)[0m  [1m[34mSELECT  "hosts".* FROM "hosts" WHERE "hosts"."id" = ? LIMIT ?[0m  [["id", 1], ["LIMIT", 1]]
D, [2017-10-18T12:56:26.776120 #7556] DEBUG -- :   [1m[36mStatistic Load (0.3ms)[0m  [1m[34mSELECT "statistics"."ping_ms" FROM "statistics" WHERE "statistics"."host_id" = ? AND ("statistics"."created_at" BETWEEN ? AND ?)[0m  [["host_id", 1], ["created_at", "2017-10-17 20:39:16 UTC"], ["created_at", "2017-10-18 20:00:00 UTC"]]
D, [2017-10-18T12:56:26.786395 #7556] DEBUG -- :   [1m[35m (0.2ms)[0m  [1m[34mSELECT COUNT(*) FROM "statistics" WHERE "statistics"."host_id" = ? AND ("statistics"."created_at" BETWEEN ? AND ?)[0m  [["host_id", 1], ["created_at", "2017-10-17 20:39:16 UTC"], ["created_at", "2017-10-18 20:00:00 UTC"]]
D, [2017-10-18T12:56:26.786943 #7556] DEBUG -- :   [1m[36mStatistic Load (0.2ms)[0m  [1m[34mSELECT "statistics"."pingfails" FROM "statistics" WHERE "statistics"."host_id" = ? AND ("statistics"."created_at" BETWEEN ? AND ?)[0m  [["host_id", 1], ["created_at", "2017-10-17 20:39:16 UTC"], ["created_at", "2017-10-18 20:00:00 UTC"]]
D, [2017-10-18T12:56:26.788102 #7556] DEBUG -- :   [1m[36mHost Load (0.1ms)[0m  [1m[34mSELECT  "hosts".* FROM "hosts" WHERE "hosts"."id" = ? LIMIT ?[0m  [["id", 2], ["LIMIT", 1]]
D, [2017-10-18T12:56:26.788836 #7556] DEBUG -- :   [1m[36mStatistic Load (0.2ms)[0m  [1m[34mSELECT "statistics"."ping_ms" FROM "statistics" WHERE "statistics"."host_id" = ? AND ("statistics"."created_at" BETWEEN ? AND ?)[0m  [["host_id", 2], ["created_at", "2017-10-17 20:39:16 UTC"], ["created_at", "2017-10-18 20:00:00 UTC"]]
D, [2017-10-18T12:56:26.790186 #7556] DEBUG -- :   [1m[35m (0.2ms)[0m  [1m[34mSELECT COUNT(*) FROM "statistics" WHERE "statistics"."host_id" = ? AND ("statistics"."created_at" BETWEEN ? AND ?)[0m  [["host_id", 2], ["created_at", "2017-10-17 20:39:16 UTC"], ["created_at", "2017-10-18 20:00:00 UTC"]]
D, [2017-10-18T12:56:26.790636 #7556] DEBUG -- :   [1m[36mStatistic Load (0.2ms)[0m  [1m[34mSELECT "statistics"."pingfails" FROM "statistics" WHERE "statistics"."host_id" = ? AND ("statistics"."created_at" BETWEEN ? AND ?)[0m  [["host_id", 2], ["created_at", "2017-10-17 20:39:16 UTC"], ["created_at", "2017-10-18 20:00:00 UTC"]]
D, [2017-10-18T12:56:26.791676 #7556] DEBUG -- :   [1m[36mHost Load (0.1ms)[0m  [1m[34mSELECT  "hosts".* FROM "hosts" WHERE "hosts"."id" = ? LIMIT ?[0m  [["id", 8], ["LIMIT", 1]]
D, [2017-10-18T12:56:26.792315 #7556] DEBUG -- :   [1m[36mStatistic Load (0.1ms)[0m  [1m[34mSELECT "statistics"."ping_ms" FROM "statistics" WHERE "statistics"."host_id" = ? AND ("statistics"."created_at" BETWEEN ? AND ?)[0m  [["host_id", 8], ["created_at", "2017-10-17 20:39:16 UTC"], ["created_at", "2017-10-18 20:00:00 UTC"]]
D, [2017-10-18T12:56:26.792998 #7556] DEBUG -- :   [1m[35m (0.2ms)[0m  [1m[34mSELECT COUNT(*) FROM "statistics" WHERE "statistics"."host_id" = ? AND ("statistics"."created_at" BETWEEN ? AND ?)[0m  [["host_id", 8], ["created_at", "2017-10-17 20:39:16 UTC"], ["created_at", "2017-10-18 20:00:00 UTC"]]
D, [2017-10-18T12:56:26.793410 #7556] DEBUG -- :   [1m[36mStatistic Load (0.1ms)[0m  [1m[34mSELECT "statistics"."pingfails" FROM "statistics" WHERE "statistics"."host_id" = ? AND ("statistics"."created_at" BETWEEN ? AND ?)[0m  [["host_id", 8], ["created_at", "2017-10-17 20:39:16 UTC"], ["created_at", "2017-10-18 20:00:00 UTC"]]
D, [2017-10-18T12:58:00.837727 #7583] DEBUG -- :   [1m[35m (0.1ms)[0m  [1m[34mSELECT "hosts"."id" FROM "hosts"[0m
D, [2017-10-18T12:58:00.840032 #7583] DEBUG -- :   [1m[36mHost Load (0.1ms)[0m  [1m[34mSELECT  "hosts".* FROM "hosts" WHERE "hosts"."id" = ? LIMIT ?[0m  [["id", 1], ["LIMIT", 1]]
D, [2017-10-18T12:58:00.844489 #7583] DEBUG -- :   [1m[36mStatistic Load (0.3ms)[0m  [1m[34mSELECT "statistics"."ping_ms" FROM "statistics" WHERE "statistics"."host_id" = ? AND ("statistics"."created_at" BETWEEN ? AND ?)[0m  [["host_id", 1], ["created_at", "2017-10-17 20:39:16 UTC"], ["created_at", "2017-10-18 20:40:13 UTC"]]
D, [2017-10-18T12:58:00.853991 #7583] DEBUG -- :   [1m[35m (0.2ms)[0m  [1m[34mSELECT COUNT(*) FROM "statistics" WHERE "statistics"."host_id" = ? AND ("statistics"."created_at" BETWEEN ? AND ?)[0m  [["host_id", 1], ["created_at", "2017-10-17 20:39:16 UTC"], ["created_at", "2017-10-18 20:40:13 UTC"]]
D, [2017-10-18T12:58:00.854509 #7583] DEBUG -- :   [1m[36mStatistic Load (0.2ms)[0m  [1m[34mSELECT "statistics"."pingfails" FROM "statistics" WHERE "statistics"."host_id" = ? AND ("statistics"."created_at" BETWEEN ? AND ?)[0m  [["host_id", 1], ["created_at", "2017-10-17 20:39:16 UTC"], ["created_at", "2017-10-18 20:40:13 UTC"]]
D, [2017-10-18T12:58:00.855621 #7583] DEBUG -- :   [1m[36mHost Load (0.1ms)[0m  [1m[34mSELECT  "hosts".* FROM "hosts" WHERE "hosts"."id" = ? LIMIT ?[0m  [["id", 2], ["LIMIT", 1]]
D, [2017-10-18T12:58:00.856349 #7583] DEBUG -- :   [1m[36mStatistic Load (0.2ms)[0m  [1m[34mSELECT "statistics"."ping_ms" FROM "statistics" WHERE "statistics"."host_id" = ? AND ("statistics"."created_at" BETWEEN ? AND ?)[0m  [["host_id", 2], ["created_at", "2017-10-17 20:39:16 UTC"], ["created_at", "2017-10-18 20:40:13 UTC"]]
D, [2017-10-18T12:58:00.857653 #7583] DEBUG -- :   [1m[35m (0.2ms)[0m  [1m[34mSELECT COUNT(*) FROM "statistics" WHERE "statistics"."host_id" = ? AND ("statistics"."created_at" BETWEEN ? AND ?)[0m  [["host_id", 2], ["created_at", "2017-10-17 20:39:16 UTC"], ["created_at", "2017-10-18 20:40:13 UTC"]]
D, [2017-10-18T12:58:00.858093 #7583] DEBUG -- :   [1m[36mStatistic Load (0.1ms)[0m  [1m[34mSELECT "statistics"."pingfails" FROM "statistics" WHERE "statistics"."host_id" = ? AND ("statistics"."created_at" BETWEEN ? AND ?)[0m  [["host_id", 2], ["created_at", "2017-10-17 20:39:16 UTC"], ["created_at", "2017-10-18 20:40:13 UTC"]]
D, [2017-10-18T12:58:00.859146 #7583] DEBUG -- :   [1m[36mHost Load (0.1ms)[0m  [1m[34mSELECT  "hosts".* FROM "hosts" WHERE "hosts"."id" = ? LIMIT ?[0m  [["id", 8], ["LIMIT", 1]]
D, [2017-10-18T12:58:00.859744 #7583] DEBUG -- :   [1m[36mStatistic Load (0.1ms)[0m  [1m[34mSELECT "statistics"."ping_ms" FROM "statistics" WHERE "statistics"."host_id" = ? AND ("statistics"."created_at" BETWEEN ? AND ?)[0m  [["host_id", 8], ["created_at", "2017-10-17 20:39:16 UTC"], ["created_at", "2017-10-18 20:40:13 UTC"]]
D, [2017-10-18T12:58:00.860357 #7583] DEBUG -- :   [1m[35m (0.1ms)[0m  [1m[34mSELECT COUNT(*) FROM "statistics" WHERE "statistics"."host_id" = ? AND ("statistics"."created_at" BETWEEN ? AND ?)[0m  [["host_id", 8], ["created_at", "2017-10-17 20:39:16 UTC"], ["created_at", "2017-10-18 20:40:13 UTC"]]
D, [2017-10-18T12:58:00.860733 #7583] DEBUG -- :   [1m[36mStatistic Load (0.1ms)[0m  [1m[34mSELECT "statistics"."pingfails" FROM "statistics" WHERE "statistics"."host_id" = ? AND ("statistics"."created_at" BETWEEN ? AND ?)[0m  [["host_id", 8], ["created_at", "2017-10-17 20:39:16 UTC"], ["created_at", "2017-10-18 20:40:13 UTC"]]
